[2024-11-22T14:51:51.790+0000] {taskinstance.py:1956} INFO - Dependencies all met for dep_context=non-requeueable deps ti=<TaskInstance: work_task.save_to_csv scheduled__2024-11-21T00:00:00+00:00 [queued]>
[2024-11-22T14:51:51.811+0000] {taskinstance.py:1956} INFO - Dependencies all met for dep_context=requeueable deps ti=<TaskInstance: work_task.save_to_csv scheduled__2024-11-21T00:00:00+00:00 [queued]>
[2024-11-22T14:51:51.811+0000] {taskinstance.py:2170} INFO - Starting attempt 1 of 6
[2024-11-22T14:51:51.840+0000] {taskinstance.py:2191} INFO - Executing <Task(_PythonDecoratedOperator): save_to_csv> on 2024-11-21 00:00:00+00:00
[2024-11-22T14:51:51.851+0000] {standard_task_runner.py:60} INFO - Started process 955 to run task
[2024-11-22T14:51:51.859+0000] {standard_task_runner.py:87} INFO - Running: ['***', 'tasks', 'run', 'work_task', 'save_to_csv', 'scheduled__2024-11-21T00:00:00+00:00', '--job-id', '9', '--raw', '--subdir', 'DAGS_FOLDER/task.py', '--cfg-path', '/tmp/tmpc3azkg8b']
[2024-11-22T14:51:51.866+0000] {standard_task_runner.py:88} INFO - Job 9: Subtask save_to_csv
[2024-11-22T14:51:52.018+0000] {task_command.py:423} INFO - Running <TaskInstance: work_task.save_to_csv scheduled__2024-11-21T00:00:00+00:00 [running]> on host 370c84c603a0
[2024-11-22T14:51:52.319+0000] {taskinstance.py:2480} INFO - Exporting env vars: AIRFLOW_CTX_DAG_OWNER='***' AIRFLOW_CTX_DAG_ID='work_task' AIRFLOW_CTX_TASK_ID='save_to_csv' AIRFLOW_CTX_EXECUTION_DATE='2024-11-21T00:00:00+00:00' AIRFLOW_CTX_TRY_NUMBER='1' AIRFLOW_CTX_DAG_RUN_ID='scheduled__2024-11-21T00:00:00+00:00'
[2024-11-22T14:51:52.326+0000] {taskinstance.py:2698} ERROR - Task failed with exception
Traceback (most recent call last):
  File "/home/airflow/.local/lib/python3.11/site-packages/airflow/models/taskinstance.py", line 433, in _execute_task
    result = execute_callable(context=context, **execute_callable_kwargs)
             ^^^^^^^^^^^^^^^^^^^^^^^^^^^^^^^^^^^^^^^^^^^^^^^^^^^^^^^^^^^^
  File "/home/airflow/.local/lib/python3.11/site-packages/airflow/decorators/base.py", line 241, in execute
    return_value = super().execute(context)
                   ^^^^^^^^^^^^^^^^^^^^^^^^
  File "/home/airflow/.local/lib/python3.11/site-packages/airflow/operators/python.py", line 199, in execute
    return_value = self.execute_callable()
                   ^^^^^^^^^^^^^^^^^^^^^^^
  File "/home/airflow/.local/lib/python3.11/site-packages/airflow/operators/python.py", line 216, in execute_callable
    return self.python_callable(*self.op_args, **self.op_kwargs)
           ^^^^^^^^^^^^^^^^^^^^^^^^^^^^^^^^^^^^^^^^^^^^^^^^^^^^^
  File "/opt/airflow/dags/task.py", line 51, in save_to_csv
    with open(CSV_PATH, 'a', newline='') as f:
         ^^^^^^^^^^^^^^^^^^^^^^^^^^^^^^^
FileNotFoundError: [Errno 2] No such file or directory: './csv/temp_data.csv'
[2024-11-22T14:51:52.407+0000] {taskinstance.py:1138} INFO - Marking task as UP_FOR_RETRY. dag_id=work_task, task_id=save_to_csv, execution_date=20241121T000000, start_date=20241122T145151, end_date=20241122T145152
[2024-11-22T14:51:52.481+0000] {standard_task_runner.py:107} ERROR - Failed to execute job 9 for task save_to_csv ([Errno 2] No such file or directory: './csv/temp_data.csv'; 955)
[2024-11-22T14:51:52.539+0000] {local_task_job_runner.py:234} INFO - Task exited with return code 1
[2024-11-22T14:51:52.616+0000] {taskinstance.py:3280} INFO - 0 downstream tasks scheduled from follow-on schedule check
[2024-11-22T15:02:37.916+0000] {taskinstance.py:1956} INFO - Dependencies all met for dep_context=non-requeueable deps ti=<TaskInstance: work_task.save_to_csv scheduled__2024-11-21T00:00:00+00:00 [queued]>
[2024-11-22T15:02:37.953+0000] {taskinstance.py:1956} INFO - Dependencies all met for dep_context=requeueable deps ti=<TaskInstance: work_task.save_to_csv scheduled__2024-11-21T00:00:00+00:00 [queued]>
[2024-11-22T15:02:37.954+0000] {taskinstance.py:2170} INFO - Starting attempt 1 of 6
[2024-11-22T15:02:37.982+0000] {taskinstance.py:2191} INFO - Executing <Task(_PythonDecoratedOperator): save_to_csv> on 2024-11-21 00:00:00+00:00
[2024-11-22T15:02:38.020+0000] {standard_task_runner.py:60} INFO - Started process 390 to run task
[2024-11-22T15:02:38.026+0000] {standard_task_runner.py:87} INFO - Running: ['***', 'tasks', 'run', 'work_task', 'save_to_csv', 'scheduled__2024-11-21T00:00:00+00:00', '--job-id', '17', '--raw', '--subdir', 'DAGS_FOLDER/task.py', '--cfg-path', '/tmp/tmpjsqrg63m']
[2024-11-22T15:02:38.034+0000] {standard_task_runner.py:88} INFO - Job 17: Subtask save_to_csv
[2024-11-22T15:02:38.170+0000] {task_command.py:423} INFO - Running <TaskInstance: work_task.save_to_csv scheduled__2024-11-21T00:00:00+00:00 [running]> on host 892507b96f2b
[2024-11-22T15:02:38.501+0000] {taskinstance.py:2480} INFO - Exporting env vars: AIRFLOW_CTX_DAG_OWNER='***' AIRFLOW_CTX_DAG_ID='work_task' AIRFLOW_CTX_TASK_ID='save_to_csv' AIRFLOW_CTX_EXECUTION_DATE='2024-11-21T00:00:00+00:00' AIRFLOW_CTX_TRY_NUMBER='1' AIRFLOW_CTX_DAG_RUN_ID='scheduled__2024-11-21T00:00:00+00:00'
[2024-11-22T15:02:38.515+0000] {python.py:201} INFO - Done. Returned value was: None
[2024-11-22T15:02:38.541+0000] {taskinstance.py:1138} INFO - Marking task as SUCCESS. dag_id=work_task, task_id=save_to_csv, execution_date=20241121T000000, start_date=20241122T150237, end_date=20241122T150238
[2024-11-22T15:02:38.598+0000] {local_task_job_runner.py:234} INFO - Task exited with return code 0
[2024-11-22T15:02:38.653+0000] {taskinstance.py:3280} INFO - 1 downstream tasks scheduled from follow-on schedule check
[2024-11-22T15:16:46.749+0000] {taskinstance.py:1956} INFO - Dependencies all met for dep_context=non-requeueable deps ti=<TaskInstance: work_task.save_to_csv scheduled__2024-11-21T00:00:00+00:00 [queued]>
[2024-11-22T15:16:46.762+0000] {taskinstance.py:1956} INFO - Dependencies all met for dep_context=requeueable deps ti=<TaskInstance: work_task.save_to_csv scheduled__2024-11-21T00:00:00+00:00 [queued]>
[2024-11-22T15:16:46.762+0000] {taskinstance.py:2170} INFO - Starting attempt 1 of 6
[2024-11-22T15:16:46.780+0000] {taskinstance.py:2191} INFO - Executing <Task(_PythonDecoratedOperator): save_to_csv> on 2024-11-21 00:00:00+00:00
[2024-11-22T15:16:46.785+0000] {standard_task_runner.py:60} INFO - Started process 1118 to run task
[2024-11-22T15:16:46.791+0000] {standard_task_runner.py:87} INFO - Running: ['***', 'tasks', 'run', 'work_task', 'save_to_csv', 'scheduled__2024-11-21T00:00:00+00:00', '--job-id', '23', '--raw', '--subdir', 'DAGS_FOLDER/task.py', '--cfg-path', '/tmp/tmpqq2u0fpn']
[2024-11-22T15:16:46.794+0000] {standard_task_runner.py:88} INFO - Job 23: Subtask save_to_csv
[2024-11-22T15:16:46.862+0000] {task_command.py:423} INFO - Running <TaskInstance: work_task.save_to_csv scheduled__2024-11-21T00:00:00+00:00 [running]> on host 892507b96f2b
[2024-11-22T15:16:46.985+0000] {taskinstance.py:2480} INFO - Exporting env vars: AIRFLOW_CTX_DAG_OWNER='***' AIRFLOW_CTX_DAG_ID='work_task' AIRFLOW_CTX_TASK_ID='save_to_csv' AIRFLOW_CTX_EXECUTION_DATE='2024-11-21T00:00:00+00:00' AIRFLOW_CTX_TRY_NUMBER='1' AIRFLOW_CTX_DAG_RUN_ID='scheduled__2024-11-21T00:00:00+00:00'
[2024-11-22T15:16:46.989+0000] {python.py:201} INFO - Done. Returned value was: None
[2024-11-22T15:16:47.001+0000] {taskinstance.py:1138} INFO - Marking task as SUCCESS. dag_id=work_task, task_id=save_to_csv, execution_date=20241121T000000, start_date=20241122T151646, end_date=20241122T151647
[2024-11-22T15:16:47.061+0000] {local_task_job_runner.py:234} INFO - Task exited with return code 0
[2024-11-22T15:16:47.095+0000] {taskinstance.py:3280} INFO - 1 downstream tasks scheduled from follow-on schedule check
[2024-11-22T15:26:29.883+0000] {taskinstance.py:1956} INFO - Dependencies all met for dep_context=non-requeueable deps ti=<TaskInstance: work_task.save_to_csv scheduled__2024-11-21T00:00:00+00:00 [queued]>
[2024-11-22T15:26:29.896+0000] {taskinstance.py:1956} INFO - Dependencies all met for dep_context=requeueable deps ti=<TaskInstance: work_task.save_to_csv scheduled__2024-11-21T00:00:00+00:00 [queued]>
[2024-11-22T15:26:29.896+0000] {taskinstance.py:2170} INFO - Starting attempt 1 of 6
[2024-11-22T15:26:29.913+0000] {taskinstance.py:2191} INFO - Executing <Task(_PythonDecoratedOperator): save_to_csv> on 2024-11-21 00:00:00+00:00
[2024-11-22T15:26:29.920+0000] {standard_task_runner.py:60} INFO - Started process 1781 to run task
[2024-11-22T15:26:29.925+0000] {standard_task_runner.py:87} INFO - Running: ['***', 'tasks', 'run', 'work_task', 'save_to_csv', 'scheduled__2024-11-21T00:00:00+00:00', '--job-id', '27', '--raw', '--subdir', 'DAGS_FOLDER/task.py', '--cfg-path', '/tmp/tmp_zifmmnh']
[2024-11-22T15:26:29.929+0000] {standard_task_runner.py:88} INFO - Job 27: Subtask save_to_csv
[2024-11-22T15:26:30.002+0000] {task_command.py:423} INFO - Running <TaskInstance: work_task.save_to_csv scheduled__2024-11-21T00:00:00+00:00 [running]> on host 892507b96f2b
[2024-11-22T15:26:30.130+0000] {taskinstance.py:2480} INFO - Exporting env vars: AIRFLOW_CTX_DAG_OWNER='***' AIRFLOW_CTX_DAG_ID='work_task' AIRFLOW_CTX_TASK_ID='save_to_csv' AIRFLOW_CTX_EXECUTION_DATE='2024-11-21T00:00:00+00:00' AIRFLOW_CTX_TRY_NUMBER='1' AIRFLOW_CTX_DAG_RUN_ID='scheduled__2024-11-21T00:00:00+00:00'
[2024-11-22T15:26:30.134+0000] {python.py:201} INFO - Done. Returned value was: None
[2024-11-22T15:26:30.147+0000] {taskinstance.py:1138} INFO - Marking task as SUCCESS. dag_id=work_task, task_id=save_to_csv, execution_date=20241121T000000, start_date=20241122T152629, end_date=20241122T152630
[2024-11-22T15:26:30.189+0000] {local_task_job_runner.py:234} INFO - Task exited with return code 0
[2024-11-22T15:26:30.218+0000] {taskinstance.py:3280} INFO - 1 downstream tasks scheduled from follow-on schedule check
[2024-11-22T15:40:16.799+0000] {taskinstance.py:1956} INFO - Dependencies all met for dep_context=non-requeueable deps ti=<TaskInstance: work_task.save_to_csv scheduled__2024-11-21T00:00:00+00:00 [queued]>
[2024-11-22T15:40:16.820+0000] {taskinstance.py:1956} INFO - Dependencies all met for dep_context=requeueable deps ti=<TaskInstance: work_task.save_to_csv scheduled__2024-11-21T00:00:00+00:00 [queued]>
[2024-11-22T15:40:16.821+0000] {taskinstance.py:2170} INFO - Starting attempt 1 of 6
[2024-11-22T15:40:16.848+0000] {taskinstance.py:2191} INFO - Executing <Task(_PythonDecoratedOperator): save_to_csv> on 2024-11-21 00:00:00+00:00
[2024-11-22T15:40:16.862+0000] {standard_task_runner.py:60} INFO - Started process 394 to run task
[2024-11-22T15:40:16.872+0000] {standard_task_runner.py:87} INFO - Running: ['***', 'tasks', 'run', 'work_task', 'save_to_csv', 'scheduled__2024-11-21T00:00:00+00:00', '--job-id', '11', '--raw', '--subdir', 'DAGS_FOLDER/task.py', '--cfg-path', '/tmp/tmpznsx5slv']
[2024-11-22T15:40:16.882+0000] {standard_task_runner.py:88} INFO - Job 11: Subtask save_to_csv
[2024-11-22T15:40:17.007+0000] {task_command.py:423} INFO - Running <TaskInstance: work_task.save_to_csv scheduled__2024-11-21T00:00:00+00:00 [running]> on host 7003e752bc1d
[2024-11-22T15:40:17.175+0000] {taskinstance.py:2480} INFO - Exporting env vars: AIRFLOW_CTX_DAG_OWNER='***' AIRFLOW_CTX_DAG_ID='work_task' AIRFLOW_CTX_TASK_ID='save_to_csv' AIRFLOW_CTX_EXECUTION_DATE='2024-11-21T00:00:00+00:00' AIRFLOW_CTX_TRY_NUMBER='1' AIRFLOW_CTX_DAG_RUN_ID='scheduled__2024-11-21T00:00:00+00:00'
[2024-11-22T15:40:17.182+0000] {python.py:201} INFO - Done. Returned value was: None
[2024-11-22T15:40:17.198+0000] {taskinstance.py:1138} INFO - Marking task as SUCCESS. dag_id=work_task, task_id=save_to_csv, execution_date=20241121T000000, start_date=20241122T154016, end_date=20241122T154017
[2024-11-22T15:40:17.227+0000] {local_task_job_runner.py:234} INFO - Task exited with return code 0
[2024-11-22T15:40:17.290+0000] {taskinstance.py:3280} INFO - 1 downstream tasks scheduled from follow-on schedule check
[2024-11-22T15:41:31.412+0000] {taskinstance.py:1956} INFO - Dependencies all met for dep_context=non-requeueable deps ti=<TaskInstance: work_task.save_to_csv scheduled__2024-11-21T00:00:00+00:00 [queued]>
[2024-11-22T15:41:31.430+0000] {taskinstance.py:1956} INFO - Dependencies all met for dep_context=requeueable deps ti=<TaskInstance: work_task.save_to_csv scheduled__2024-11-21T00:00:00+00:00 [queued]>
[2024-11-22T15:41:31.430+0000] {taskinstance.py:2170} INFO - Starting attempt 1 of 6
[2024-11-22T15:41:31.451+0000] {taskinstance.py:2191} INFO - Executing <Task(_PythonDecoratedOperator): save_to_csv> on 2024-11-21 00:00:00+00:00
[2024-11-22T15:41:31.456+0000] {standard_task_runner.py:60} INFO - Started process 481 to run task
[2024-11-22T15:41:31.462+0000] {standard_task_runner.py:87} INFO - Running: ['***', 'tasks', 'run', 'work_task', 'save_to_csv', 'scheduled__2024-11-21T00:00:00+00:00', '--job-id', '15', '--raw', '--subdir', 'DAGS_FOLDER/task.py', '--cfg-path', '/tmp/tmpf29jmjg4']
[2024-11-22T15:41:31.466+0000] {standard_task_runner.py:88} INFO - Job 15: Subtask save_to_csv
[2024-11-22T15:41:31.604+0000] {task_command.py:423} INFO - Running <TaskInstance: work_task.save_to_csv scheduled__2024-11-21T00:00:00+00:00 [running]> on host 7003e752bc1d
[2024-11-22T15:41:31.789+0000] {taskinstance.py:2480} INFO - Exporting env vars: AIRFLOW_CTX_DAG_OWNER='***' AIRFLOW_CTX_DAG_ID='work_task' AIRFLOW_CTX_TASK_ID='save_to_csv' AIRFLOW_CTX_EXECUTION_DATE='2024-11-21T00:00:00+00:00' AIRFLOW_CTX_TRY_NUMBER='1' AIRFLOW_CTX_DAG_RUN_ID='scheduled__2024-11-21T00:00:00+00:00'
[2024-11-22T15:41:31.793+0000] {python.py:201} INFO - Done. Returned value was: None
[2024-11-22T15:41:31.808+0000] {taskinstance.py:1138} INFO - Marking task as SUCCESS. dag_id=work_task, task_id=save_to_csv, execution_date=20241121T000000, start_date=20241122T154131, end_date=20241122T154131
[2024-11-22T15:41:31.853+0000] {local_task_job_runner.py:234} INFO - Task exited with return code 0
[2024-11-22T15:41:31.890+0000] {taskinstance.py:3280} INFO - 1 downstream tasks scheduled from follow-on schedule check
[2024-11-22T15:44:03.890+0000] {taskinstance.py:1956} INFO - Dependencies all met for dep_context=non-requeueable deps ti=<TaskInstance: work_task.save_to_csv scheduled__2024-11-21T00:00:00+00:00 [queued]>
[2024-11-22T15:44:03.907+0000] {taskinstance.py:1956} INFO - Dependencies all met for dep_context=requeueable deps ti=<TaskInstance: work_task.save_to_csv scheduled__2024-11-21T00:00:00+00:00 [queued]>
[2024-11-22T15:44:03.908+0000] {taskinstance.py:2170} INFO - Starting attempt 1 of 6
[2024-11-22T15:44:03.928+0000] {taskinstance.py:2191} INFO - Executing <Task(_PythonDecoratedOperator): save_to_csv> on 2024-11-21 00:00:00+00:00
[2024-11-22T15:44:03.936+0000] {standard_task_runner.py:60} INFO - Started process 654 to run task
[2024-11-22T15:44:03.941+0000] {standard_task_runner.py:87} INFO - Running: ['***', 'tasks', 'run', 'work_task', 'save_to_csv', 'scheduled__2024-11-21T00:00:00+00:00', '--job-id', '19', '--raw', '--subdir', 'DAGS_FOLDER/task.py', '--cfg-path', '/tmp/tmppwryt7fu']
[2024-11-22T15:44:03.945+0000] {standard_task_runner.py:88} INFO - Job 19: Subtask save_to_csv
[2024-11-22T15:44:04.040+0000] {task_command.py:423} INFO - Running <TaskInstance: work_task.save_to_csv scheduled__2024-11-21T00:00:00+00:00 [running]> on host 7003e752bc1d
[2024-11-22T15:44:04.163+0000] {taskinstance.py:2480} INFO - Exporting env vars: AIRFLOW_CTX_DAG_OWNER='***' AIRFLOW_CTX_DAG_ID='work_task' AIRFLOW_CTX_TASK_ID='save_to_csv' AIRFLOW_CTX_EXECUTION_DATE='2024-11-21T00:00:00+00:00' AIRFLOW_CTX_TRY_NUMBER='1' AIRFLOW_CTX_DAG_RUN_ID='scheduled__2024-11-21T00:00:00+00:00'
[2024-11-22T15:44:04.166+0000] {python.py:201} INFO - Done. Returned value was: None
[2024-11-22T15:44:04.179+0000] {taskinstance.py:1138} INFO - Marking task as SUCCESS. dag_id=work_task, task_id=save_to_csv, execution_date=20241121T000000, start_date=20241122T154403, end_date=20241122T154404
[2024-11-22T15:44:04.215+0000] {local_task_job_runner.py:234} INFO - Task exited with return code 0
[2024-11-22T15:44:04.247+0000] {taskinstance.py:3280} INFO - 1 downstream tasks scheduled from follow-on schedule check
[2024-11-22T15:50:44.776+0000] {taskinstance.py:1956} INFO - Dependencies all met for dep_context=non-requeueable deps ti=<TaskInstance: work_task.save_to_csv scheduled__2024-11-21T00:00:00+00:00 [queued]>
[2024-11-22T15:50:44.791+0000] {taskinstance.py:1956} INFO - Dependencies all met for dep_context=requeueable deps ti=<TaskInstance: work_task.save_to_csv scheduled__2024-11-21T00:00:00+00:00 [queued]>
[2024-11-22T15:50:44.792+0000] {taskinstance.py:2170} INFO - Starting attempt 1 of 6
[2024-11-22T15:50:44.813+0000] {taskinstance.py:2191} INFO - Executing <Task(_PythonDecoratedOperator): save_to_csv> on 2024-11-21 00:00:00+00:00
[2024-11-22T15:50:44.819+0000] {standard_task_runner.py:60} INFO - Started process 385 to run task
[2024-11-22T15:50:44.825+0000] {standard_task_runner.py:87} INFO - Running: ['***', 'tasks', 'run', 'work_task', 'save_to_csv', 'scheduled__2024-11-21T00:00:00+00:00', '--job-id', '7', '--raw', '--subdir', 'DAGS_FOLDER/task.py', '--cfg-path', '/tmp/tmp6jat9teh']
[2024-11-22T15:50:44.829+0000] {standard_task_runner.py:88} INFO - Job 7: Subtask save_to_csv
[2024-11-22T15:50:44.909+0000] {task_command.py:423} INFO - Running <TaskInstance: work_task.save_to_csv scheduled__2024-11-21T00:00:00+00:00 [running]> on host e3d4853ded5c
[2024-11-22T15:50:45.064+0000] {taskinstance.py:2480} INFO - Exporting env vars: AIRFLOW_CTX_DAG_OWNER='***' AIRFLOW_CTX_DAG_ID='work_task' AIRFLOW_CTX_TASK_ID='save_to_csv' AIRFLOW_CTX_EXECUTION_DATE='2024-11-21T00:00:00+00:00' AIRFLOW_CTX_TRY_NUMBER='1' AIRFLOW_CTX_DAG_RUN_ID='scheduled__2024-11-21T00:00:00+00:00'
[2024-11-22T15:50:45.068+0000] {python.py:201} INFO - Done. Returned value was: None
[2024-11-22T15:50:45.083+0000] {taskinstance.py:1138} INFO - Marking task as SUCCESS. dag_id=work_task, task_id=save_to_csv, execution_date=20241121T000000, start_date=20241122T155044, end_date=20241122T155045
[2024-11-22T15:50:45.129+0000] {local_task_job_runner.py:234} INFO - Task exited with return code 0
[2024-11-22T15:50:45.164+0000] {taskinstance.py:3280} INFO - 1 downstream tasks scheduled from follow-on schedule check
