[2024-11-22T14:40:22.743+0000] {manager.py:469} INFO - Processing files using up to 2 processes at a time 
[2024-11-22T14:40:22.750+0000] {manager.py:470} INFO - Process each file at most once every 30 seconds
[2024-11-22T14:40:22.753+0000] {manager.py:471} INFO - Checking for new files in /opt/airflow/dags every 60 seconds
[2024-11-22T14:40:22.758+0000] {manager.py:738} INFO - Searching for files in /opt/airflow/dags
[2024-11-22T14:40:22.865+0000] {manager.py:741} INFO - There are 1 files in /opt/airflow/dags
[2024-11-22T14:40:24.818+0000] {manager.py:879} INFO - 
================================================================================
DAG File Processing Stats

File Path                    PID  Runtime      # DAGs    # Errors  Last Runtime    Last Run
-------------------------  -----  ---------  --------  ----------  --------------  ----------
/opt/airflow/dags/task.py    207  0.74s             0           0
================================================================================
[2024-11-22T14:40:55.346+0000] {manager.py:879} INFO - 
================================================================================
DAG File Processing Stats

File Path                    PID  Runtime      # DAGs    # Errors  Last Runtime    Last Run
-------------------------  -----  ---------  --------  ----------  --------------  -------------------
/opt/airflow/dags/task.py    240  0.03s             0           1  1.21s           2024-11-22T14:40:25
================================================================================
[2024-11-22T14:41:23.418+0000] {manager.py:738} INFO - Searching for files in /opt/airflow/dags
[2024-11-22T14:41:23.520+0000] {manager.py:741} INFO - There are 1 files in /opt/airflow/dags
[2024-11-22T14:41:25.569+0000] {manager.py:879} INFO - 
================================================================================
DAG File Processing Stats

File Path                  PID    Runtime      # DAGs    # Errors  Last Runtime    Last Run
-------------------------  -----  ---------  --------  ----------  --------------  -------------------
/opt/airflow/dags/task.py                           0           1  0.81s           2024-11-22T14:40:56
================================================================================
[2024-11-22T14:41:56.017+0000] {manager.py:879} INFO - 
================================================================================
DAG File Processing Stats

File Path                  PID    Runtime      # DAGs    # Errors  Last Runtime    Last Run
-------------------------  -----  ---------  --------  ----------  --------------  -------------------
/opt/airflow/dags/task.py                           0           1  0.70s           2024-11-22T14:41:27
================================================================================
[2024-11-22T14:42:23.922+0000] {manager.py:738} INFO - Searching for files in /opt/airflow/dags
[2024-11-22T14:42:24.474+0000] {manager.py:741} INFO - There are 1 files in /opt/airflow/dags
[2024-11-22T14:42:26.373+0000] {manager.py:879} INFO - 
================================================================================
DAG File Processing Stats

File Path                  PID    Runtime      # DAGs    # Errors  Last Runtime    Last Run
-------------------------  -----  ---------  --------  ----------  --------------  -------------------
/opt/airflow/dags/task.py                           0           1  0.14s           2024-11-22T14:41:57
================================================================================
[2024-11-22T14:42:56.999+0000] {manager.py:879} INFO - 
================================================================================
DAG File Processing Stats

File Path                  PID    Runtime      # DAGs    # Errors  Last Runtime    Last Run
-------------------------  -----  ---------  --------  ----------  --------------  -------------------
/opt/airflow/dags/task.py                           0           1  0.88s           2024-11-22T14:42:29
================================================================================
[2024-11-22T14:43:24.411+0000] {manager.py:738} INFO - Searching for files in /opt/airflow/dags
[2024-11-22T14:43:24.438+0000] {manager.py:741} INFO - There are 1 files in /opt/airflow/dags
[2024-11-22T14:43:27.481+0000] {manager.py:879} INFO - 
================================================================================
DAG File Processing Stats

File Path                  PID    Runtime      # DAGs    # Errors  Last Runtime    Last Run
-------------------------  -----  ---------  --------  ----------  --------------  -------------------
/opt/airflow/dags/task.py                           0           1  0.19s           2024-11-22T14:43:00
================================================================================
[2024-11-22T14:43:58.073+0000] {manager.py:879} INFO - 
================================================================================
DAG File Processing Stats

File Path                  PID    Runtime      # DAGs    # Errors  Last Runtime    Last Run
-------------------------  -----  ---------  --------  ----------  --------------  -------------------
/opt/airflow/dags/task.py                           0           1  0.16s           2024-11-22T14:43:30
================================================================================
[2024-11-22T14:44:24.604+0000] {manager.py:738} INFO - Searching for files in /opt/airflow/dags
[2024-11-22T14:44:24.813+0000] {manager.py:741} INFO - There are 1 files in /opt/airflow/dags
[2024-11-22T14:44:28.894+0000] {manager.py:879} INFO - 
================================================================================
DAG File Processing Stats

File Path                  PID    Runtime      # DAGs    # Errors  Last Runtime    Last Run
-------------------------  -----  ---------  --------  ----------  --------------  -------------------
/opt/airflow/dags/task.py                           0           1  0.40s           2024-11-22T14:44:01
================================================================================
[2024-11-22T14:44:59.292+0000] {manager.py:879} INFO - 
================================================================================
DAG File Processing Stats

File Path                  PID    Runtime      # DAGs    # Errors  Last Runtime    Last Run
-------------------------  -----  ---------  --------  ----------  --------------  -------------------
/opt/airflow/dags/task.py                           0           1  0.11s           2024-11-22T14:44:32
================================================================================
[2024-11-22T14:45:24.609+0000] {manager.py:738} INFO - Searching for files in /opt/airflow/dags
[2024-11-22T14:45:24.646+0000] {manager.py:741} INFO - There are 1 files in /opt/airflow/dags
[2024-11-22T14:45:29.731+0000] {manager.py:879} INFO - 
================================================================================
DAG File Processing Stats

File Path                  PID    Runtime      # DAGs    # Errors  Last Runtime    Last Run
-------------------------  -----  ---------  --------  ----------  --------------  -------------------
/opt/airflow/dags/task.py                           0           1  0.14s           2024-11-22T14:45:02
================================================================================
[2024-11-22T14:46:00.091+0000] {manager.py:879} INFO - 
================================================================================
DAG File Processing Stats

File Path                  PID    Runtime      # DAGs    # Errors  Last Runtime    Last Run
-------------------------  -----  ---------  --------  ----------  --------------  -------------------
/opt/airflow/dags/task.py                           0           1  0.10s           2024-11-22T14:45:32
================================================================================
[2024-11-22T14:46:25.259+0000] {manager.py:738} INFO - Searching for files in /opt/airflow/dags
[2024-11-22T14:46:25.294+0000] {manager.py:741} INFO - There are 1 files in /opt/airflow/dags
[2024-11-22T14:46:30.390+0000] {manager.py:879} INFO - 
================================================================================
DAG File Processing Stats

File Path                  PID    Runtime      # DAGs    # Errors  Last Runtime    Last Run
-------------------------  -----  ---------  --------  ----------  --------------  -------------------
/opt/airflow/dags/task.py                           1           0  2.93s           2024-11-22T14:46:07
================================================================================
[2024-11-22T14:47:00.727+0000] {manager.py:879} INFO - 
================================================================================
DAG File Processing Stats

File Path                  PID    Runtime      # DAGs    # Errors  Last Runtime    Last Run
-------------------------  -----  ---------  --------  ----------  --------------  -------------------
/opt/airflow/dags/task.py                           1           0  0.22s           2024-11-22T14:46:37
================================================================================
[2024-11-22T14:47:26.055+0000] {manager.py:738} INFO - Searching for files in /opt/airflow/dags
[2024-11-22T14:47:26.089+0000] {manager.py:741} INFO - There are 1 files in /opt/airflow/dags
[2024-11-22T14:47:31.140+0000] {manager.py:879} INFO - 
================================================================================
DAG File Processing Stats

File Path                  PID    Runtime      # DAGs    # Errors  Last Runtime    Last Run
-------------------------  -----  ---------  --------  ----------  --------------  -------------------
/opt/airflow/dags/task.py                           1           0  0.18s           2024-11-22T14:47:07
================================================================================
[2024-11-22T14:48:01.378+0000] {manager.py:879} INFO - 
================================================================================
DAG File Processing Stats

File Path                  PID    Runtime      # DAGs    # Errors  Last Runtime    Last Run
-------------------------  -----  ---------  --------  ----------  --------------  -------------------
/opt/airflow/dags/task.py                           1           0  0.19s           2024-11-22T14:47:38
================================================================================
[2024-11-22T14:48:26.090+0000] {manager.py:738} INFO - Searching for files in /opt/airflow/dags
[2024-11-22T14:48:26.117+0000] {manager.py:741} INFO - There are 1 files in /opt/airflow/dags
[2024-11-22T14:48:31.739+0000] {manager.py:879} INFO - 
================================================================================
DAG File Processing Stats

File Path                  PID    Runtime      # DAGs    # Errors  Last Runtime    Last Run
-------------------------  -----  ---------  --------  ----------  --------------  -------------------
/opt/airflow/dags/task.py                           1           0  0.53s           2024-11-22T14:48:08
================================================================================
[2024-11-22T14:49:02.356+0000] {manager.py:879} INFO - 
================================================================================
DAG File Processing Stats

File Path                  PID    Runtime      # DAGs    # Errors  Last Runtime    Last Run
-------------------------  -----  ---------  --------  ----------  --------------  -------------------
/opt/airflow/dags/task.py                           1           0  0.22s           2024-11-22T14:48:39
================================================================================
[2024-11-22T14:49:26.170+0000] {manager.py:738} INFO - Searching for files in /opt/airflow/dags
[2024-11-22T14:49:26.237+0000] {manager.py:741} INFO - There are 1 files in /opt/airflow/dags
[2024-11-22T14:49:32.861+0000] {manager.py:879} INFO - 
================================================================================
DAG File Processing Stats

File Path                  PID    Runtime      # DAGs    # Errors  Last Runtime    Last Run
-------------------------  -----  ---------  --------  ----------  --------------  -------------------
/opt/airflow/dags/task.py                           1           0  0.37s           2024-11-22T14:49:09
================================================================================
[2024-11-22T14:50:03.022+0000] {manager.py:879} INFO - 
================================================================================
DAG File Processing Stats

File Path                  PID    Runtime      # DAGs    # Errors  Last Runtime    Last Run
-------------------------  -----  ---------  --------  ----------  --------------  -------------------
/opt/airflow/dags/task.py                           1           0  0.47s           2024-11-22T14:49:40
================================================================================
[2024-11-22T14:50:26.366+0000] {manager.py:738} INFO - Searching for files in /opt/airflow/dags
[2024-11-22T14:50:26.417+0000] {manager.py:741} INFO - There are 1 files in /opt/airflow/dags
[2024-11-22T14:50:33.476+0000] {manager.py:879} INFO - 
================================================================================
DAG File Processing Stats

File Path                  PID    Runtime      # DAGs    # Errors  Last Runtime    Last Run
-------------------------  -----  ---------  --------  ----------  --------------  -------------------
/opt/airflow/dags/task.py                           1           0  0.27s           2024-11-22T14:50:11
================================================================================
[2024-11-22T14:51:03.870+0000] {manager.py:879} INFO - 
================================================================================
DAG File Processing Stats

File Path                  PID    Runtime      # DAGs    # Errors  Last Runtime    Last Run
-------------------------  -----  ---------  --------  ----------  --------------  -------------------
/opt/airflow/dags/task.py                           1           0  0.22s           2024-11-22T14:50:41
================================================================================
[2024-11-22T14:51:27.128+0000] {manager.py:738} INFO - Searching for files in /opt/airflow/dags
[2024-11-22T14:51:27.158+0000] {manager.py:741} INFO - There are 1 files in /opt/airflow/dags
[2024-11-22T14:51:34.216+0000] {manager.py:879} INFO - 
================================================================================
DAG File Processing Stats

File Path                  PID    Runtime      # DAGs    # Errors  Last Runtime    Last Run
-------------------------  -----  ---------  --------  ----------  --------------  -------------------
/opt/airflow/dags/task.py                           1           0  0.20s           2024-11-22T14:51:12
================================================================================
[2024-11-22T14:52:04.487+0000] {manager.py:879} INFO - 
================================================================================
DAG File Processing Stats

File Path                  PID    Runtime      # DAGs    # Errors  Last Runtime    Last Run
-------------------------  -----  ---------  --------  ----------  --------------  -------------------
/opt/airflow/dags/task.py                           1           0  0.53s           2024-11-22T14:51:42
================================================================================
[2024-11-22T14:52:27.150+0000] {manager.py:738} INFO - Searching for files in /opt/airflow/dags
[2024-11-22T14:52:27.184+0000] {manager.py:741} INFO - There are 1 files in /opt/airflow/dags
[2024-11-22T14:52:35.289+0000] {manager.py:879} INFO - 
================================================================================
DAG File Processing Stats

File Path                  PID    Runtime      # DAGs    # Errors  Last Runtime    Last Run
-------------------------  -----  ---------  --------  ----------  --------------  -------------------
/opt/airflow/dags/task.py                           1           0  0.26s           2024-11-22T14:52:13
================================================================================
[2024-11-22T14:53:05.697+0000] {manager.py:879} INFO - 
================================================================================
DAG File Processing Stats

File Path                  PID    Runtime      # DAGs    # Errors  Last Runtime    Last Run
-------------------------  -----  ---------  --------  ----------  --------------  -------------------
/opt/airflow/dags/task.py                           1           0  0.20s           2024-11-22T14:52:43
================================================================================
[2024-11-22T14:53:27.885+0000] {manager.py:738} INFO - Searching for files in /opt/airflow/dags
[2024-11-22T14:53:27.918+0000] {manager.py:741} INFO - There are 1 files in /opt/airflow/dags
[2024-11-22T14:53:35.994+0000] {manager.py:879} INFO - 
================================================================================
DAG File Processing Stats

File Path                  PID    Runtime      # DAGs    # Errors  Last Runtime    Last Run
-------------------------  -----  ---------  --------  ----------  --------------  -------------------
/opt/airflow/dags/task.py                           1           0  0.19s           2024-11-22T14:53:13
================================================================================
[2024-11-22T14:54:06.448+0000] {manager.py:879} INFO - 
================================================================================
DAG File Processing Stats

File Path                  PID    Runtime      # DAGs    # Errors  Last Runtime    Last Run
-------------------------  -----  ---------  --------  ----------  --------------  -------------------
/opt/airflow/dags/task.py                           1           0  0.41s           2024-11-22T14:53:50
================================================================================
[2024-11-22T14:54:27.908+0000] {manager.py:738} INFO - Searching for files in /opt/airflow/dags
[2024-11-22T14:54:27.937+0000] {manager.py:741} INFO - There are 1 files in /opt/airflow/dags
[2024-11-22T14:54:37.012+0000] {manager.py:879} INFO - 
================================================================================
DAG File Processing Stats

File Path                  PID    Runtime      # DAGs    # Errors  Last Runtime    Last Run
-------------------------  -----  ---------  --------  ----------  --------------  -------------------
/opt/airflow/dags/task.py                           1           0  0.34s           2024-11-22T14:54:21
================================================================================
[2024-11-22T14:55:07.564+0000] {manager.py:879} INFO - 
================================================================================
DAG File Processing Stats

File Path                  PID    Runtime      # DAGs    # Errors  Last Runtime    Last Run
-------------------------  -----  ---------  --------  ----------  --------------  -------------------
/opt/airflow/dags/task.py                           1           0  0.20s           2024-11-22T14:54:51
================================================================================
[2024-11-22T14:55:27.941+0000] {manager.py:738} INFO - Searching for files in /opt/airflow/dags
[2024-11-22T14:55:27.973+0000] {manager.py:741} INFO - There are 1 files in /opt/airflow/dags
[2024-11-22T14:55:38.058+0000] {manager.py:879} INFO - 
================================================================================
DAG File Processing Stats

File Path                  PID    Runtime      # DAGs    # Errors  Last Runtime    Last Run
-------------------------  -----  ---------  --------  ----------  --------------  -------------------
/opt/airflow/dags/task.py                           1           0  0.34s           2024-11-22T14:55:22
================================================================================
[2024-11-22T14:56:08.312+0000] {manager.py:879} INFO - 
================================================================================
DAG File Processing Stats

File Path                  PID    Runtime      # DAGs    # Errors  Last Runtime    Last Run
-------------------------  -----  ---------  --------  ----------  --------------  -------------------
/opt/airflow/dags/task.py                           1           0  0.18s           2024-11-22T14:55:52
================================================================================
[2024-11-22T14:56:28.653+0000] {manager.py:738} INFO - Searching for files in /opt/airflow/dags
[2024-11-22T14:56:28.702+0000] {manager.py:741} INFO - There are 1 files in /opt/airflow/dags
[2024-11-22T14:56:38.794+0000] {manager.py:879} INFO - 
================================================================================
DAG File Processing Stats

File Path                  PID    Runtime      # DAGs    # Errors  Last Runtime    Last Run
-------------------------  -----  ---------  --------  ----------  --------------  -------------------
/opt/airflow/dags/task.py                           1           0  0.23s           2024-11-22T14:56:22
================================================================================
[2024-11-22T14:57:09.011+0000] {manager.py:879} INFO - 
================================================================================
DAG File Processing Stats

File Path                  PID    Runtime      # DAGs    # Errors  Last Runtime    Last Run
-------------------------  -----  ---------  --------  ----------  --------------  -------------------
/opt/airflow/dags/task.py                           1           0  0.25s           2024-11-22T14:56:53
================================================================================
[2024-11-22T14:57:29.373+0000] {manager.py:738} INFO - Searching for files in /opt/airflow/dags
[2024-11-22T14:57:29.406+0000] {manager.py:741} INFO - There are 1 files in /opt/airflow/dags
[2024-11-22T14:57:39.503+0000] {manager.py:879} INFO - 
================================================================================
DAG File Processing Stats

File Path                  PID    Runtime      # DAGs    # Errors  Last Runtime    Last Run
-------------------------  -----  ---------  --------  ----------  --------------  -------------------
/opt/airflow/dags/task.py                           1           0  0.19s           2024-11-22T14:57:23
================================================================================
[2024-11-22T14:58:03.555+0000] {manager.py:451} INFO - Exiting gracefully upon receiving signal 15
[2024-11-22T14:59:25.387+0000] {manager.py:469} INFO - Processing files using up to 2 processes at a time 
[2024-11-22T14:59:25.390+0000] {manager.py:470} INFO - Process each file at most once every 30 seconds
[2024-11-22T14:59:25.391+0000] {manager.py:471} INFO - Checking for new files in /opt/airflow/dags every 60 seconds
[2024-11-22T14:59:25.393+0000] {manager.py:738} INFO - Searching for files in /opt/airflow/dags
[2024-11-22T14:59:25.534+0000] {manager.py:741} INFO - There are 1 files in /opt/airflow/dags
[2024-11-22T14:59:26.424+0000] {manager.py:879} INFO - 
================================================================================
DAG File Processing Stats

File Path                    PID  Runtime      # DAGs    # Errors  Last Runtime    Last Run
-------------------------  -----  ---------  --------  ----------  --------------  ----------
/opt/airflow/dags/task.py    199  0.18s             0           0
================================================================================
[2024-11-22T14:59:57.432+0000] {manager.py:879} INFO - 
================================================================================
DAG File Processing Stats

File Path                  PID    Runtime      # DAGs    # Errors  Last Runtime    Last Run
-------------------------  -----  ---------  --------  ----------  --------------  -------------------
/opt/airflow/dags/task.py                           1           0  1.52s           2024-11-22T14:59:27
================================================================================
[2024-11-22T15:00:25.579+0000] {manager.py:738} INFO - Searching for files in /opt/airflow/dags
[2024-11-22T15:00:25.682+0000] {manager.py:741} INFO - There are 1 files in /opt/airflow/dags
[2024-11-22T15:00:27.783+0000] {manager.py:879} INFO - 
================================================================================
DAG File Processing Stats

File Path                  PID    Runtime      # DAGs    # Errors  Last Runtime    Last Run
-------------------------  -----  ---------  --------  ----------  --------------  -------------------
/opt/airflow/dags/task.py                           1           0  0.74s           2024-11-22T14:59:59
================================================================================
[2024-11-22T15:00:58.046+0000] {manager.py:879} INFO - 
================================================================================
DAG File Processing Stats

File Path                  PID    Runtime      # DAGs    # Errors  Last Runtime    Last Run
-------------------------  -----  ---------  --------  ----------  --------------  -------------------
/opt/airflow/dags/task.py                           1           0  0.93s           2024-11-22T15:00:30
================================================================================
[2024-11-22T15:01:25.906+0000] {manager.py:738} INFO - Searching for files in /opt/airflow/dags
[2024-11-22T15:01:25.978+0000] {manager.py:741} INFO - There are 1 files in /opt/airflow/dags
[2024-11-22T15:01:29.054+0000] {manager.py:879} INFO - 
================================================================================
DAG File Processing Stats

File Path                  PID    Runtime      # DAGs    # Errors  Last Runtime    Last Run
-------------------------  -----  ---------  --------  ----------  --------------  -------------------
/opt/airflow/dags/task.py                           1           0  0.39s           2024-11-22T15:01:20
================================================================================
[2024-11-22T15:01:59.838+0000] {manager.py:879} INFO - 
================================================================================
DAG File Processing Stats

File Path                    PID  Runtime      # DAGs    # Errors  Last Runtime    Last Run
-------------------------  -----  ---------  --------  ----------  --------------  -------------------
/opt/airflow/dags/task.py    339  8.11s             1           0  0.39s           2024-11-22T15:01:20
================================================================================
[2024-11-22T15:02:26.687+0000] {manager.py:738} INFO - Searching for files in /opt/airflow/dags
[2024-11-22T15:02:27.041+0000] {manager.py:741} INFO - There are 1 files in /opt/airflow/dags
[2024-11-22T15:02:30.311+0000] {manager.py:879} INFO - 
================================================================================
DAG File Processing Stats

File Path                  PID    Runtime      # DAGs    # Errors  Last Runtime    Last Run
-------------------------  -----  ---------  --------  ----------  --------------  -------------------
/opt/airflow/dags/task.py                           1           0  11.10s          2024-11-22T15:02:02
================================================================================
[2024-11-22T15:03:00.755+0000] {manager.py:879} INFO - 
================================================================================
DAG File Processing Stats

File Path                  PID    Runtime      # DAGs    # Errors  Last Runtime    Last Run
-------------------------  -----  ---------  --------  ----------  --------------  -------------------
/opt/airflow/dags/task.py                           1           0  1.89s           2024-11-22T15:02:35
================================================================================
[2024-11-22T15:03:26.994+0000] {manager.py:738} INFO - Searching for files in /opt/airflow/dags
[2024-11-22T15:03:27.036+0000] {manager.py:741} INFO - There are 1 files in /opt/airflow/dags
[2024-11-22T15:03:31.087+0000] {manager.py:879} INFO - 
================================================================================
DAG File Processing Stats

File Path                  PID    Runtime      # DAGs    # Errors  Last Runtime    Last Run
-------------------------  -----  ---------  --------  ----------  --------------  -------------------
/opt/airflow/dags/task.py                           1           0  0.20s           2024-11-22T15:03:06
================================================================================
[2024-11-22T15:04:01.447+0000] {manager.py:879} INFO - 
================================================================================
DAG File Processing Stats

File Path                  PID    Runtime      # DAGs    # Errors  Last Runtime    Last Run
-------------------------  -----  ---------  --------  ----------  --------------  -------------------
/opt/airflow/dags/task.py                           1           0  0.28s           2024-11-22T15:03:36
================================================================================
[2024-11-22T15:04:27.647+0000] {manager.py:738} INFO - Searching for files in /opt/airflow/dags
[2024-11-22T15:04:27.680+0000] {manager.py:741} INFO - There are 1 files in /opt/airflow/dags
[2024-11-22T15:04:31.737+0000] {manager.py:879} INFO - 
================================================================================
DAG File Processing Stats

File Path                  PID    Runtime      # DAGs    # Errors  Last Runtime    Last Run
-------------------------  -----  ---------  --------  ----------  --------------  -------------------
/opt/airflow/dags/task.py                           1           0  0.20s           2024-11-22T15:04:06
================================================================================
[2024-11-22T15:05:02.227+0000] {manager.py:879} INFO - 
================================================================================
DAG File Processing Stats

File Path                  PID    Runtime      # DAGs    # Errors  Last Runtime    Last Run
-------------------------  -----  ---------  --------  ----------  --------------  -------------------
/opt/airflow/dags/task.py                           1           0  0.19s           2024-11-22T15:04:36
================================================================================
[2024-11-22T15:05:28.443+0000] {manager.py:738} INFO - Searching for files in /opt/airflow/dags
[2024-11-22T15:05:28.477+0000] {manager.py:741} INFO - There are 1 files in /opt/airflow/dags
[2024-11-22T15:05:32.517+0000] {manager.py:879} INFO - 
================================================================================
DAG File Processing Stats

File Path                  PID    Runtime      # DAGs    # Errors  Last Runtime    Last Run
-------------------------  -----  ---------  --------  ----------  --------------  -------------------
/opt/airflow/dags/task.py                           1           0  0.20s           2024-11-22T15:05:07
================================================================================
[2024-11-22T15:06:02.861+0000] {manager.py:879} INFO - 
================================================================================
DAG File Processing Stats

File Path                  PID    Runtime      # DAGs    # Errors  Last Runtime    Last Run
-------------------------  -----  ---------  --------  ----------  --------------  -------------------
/opt/airflow/dags/task.py                           1           0  0.26s           2024-11-22T15:05:37
================================================================================
[2024-11-22T15:06:29.159+0000] {manager.py:738} INFO - Searching for files in /opt/airflow/dags
[2024-11-22T15:06:29.192+0000] {manager.py:741} INFO - There are 1 files in /opt/airflow/dags
[2024-11-22T15:06:33.232+0000] {manager.py:879} INFO - 
================================================================================
DAG File Processing Stats

File Path                  PID    Runtime      # DAGs    # Errors  Last Runtime    Last Run
-------------------------  -----  ---------  --------  ----------  --------------  -------------------
/opt/airflow/dags/task.py                           1           0  0.20s           2024-11-22T15:06:08
================================================================================
[2024-11-22T15:07:03.782+0000] {manager.py:879} INFO - 
================================================================================
DAG File Processing Stats

File Path                  PID    Runtime      # DAGs    # Errors  Last Runtime    Last Run
-------------------------  -----  ---------  --------  ----------  --------------  -------------------
/opt/airflow/dags/task.py                           1           0  0.20s           2024-11-22T15:06:38
================================================================================
[2024-11-22T15:07:29.236+0000] {manager.py:738} INFO - Searching for files in /opt/airflow/dags
[2024-11-22T15:07:29.270+0000] {manager.py:741} INFO - There are 1 files in /opt/airflow/dags
[2024-11-22T15:07:34.127+0000] {manager.py:879} INFO - 
================================================================================
DAG File Processing Stats

File Path                  PID    Runtime      # DAGs    # Errors  Last Runtime    Last Run
-------------------------  -----  ---------  --------  ----------  --------------  -------------------
/opt/airflow/dags/task.py                           1           0  0.98s           2024-11-22T15:07:09
================================================================================
[2024-11-22T15:10:45.664+0000] {manager.py:738} INFO - Searching for files in /opt/airflow/dags
[2024-11-22T15:10:46.448+0000] {manager.py:741} INFO - There are 1 files in /opt/airflow/dags
[2024-11-22T15:10:46.677+0000] {manager.py:879} INFO - 
================================================================================
DAG File Processing Stats

File Path                    PID  Runtime      # DAGs    # Errors  Last Runtime    Last Run
-------------------------  -----  ---------  --------  ----------  --------------  -------------------
/opt/airflow/dags/task.py    745  0.16s             1           0  0.25s           2024-11-22T15:07:40
================================================================================
[2024-11-22T15:11:16.846+0000] {manager.py:879} INFO - 
================================================================================
DAG File Processing Stats

File Path                  PID    Runtime      # DAGs    # Errors  Last Runtime    Last Run
-------------------------  -----  ---------  --------  ----------  --------------  -------------------
/opt/airflow/dags/task.py                           1           0  0.87s           2024-11-22T15:10:47
================================================================================
[2024-11-22T15:11:48.532+0000] {manager.py:738} INFO - Searching for files in /opt/airflow/dags
[2024-11-22T15:11:51.637+0000] {manager.py:741} INFO - There are 1 files in /opt/airflow/dags
[2024-11-22T15:11:52.490+0000] {manager.py:879} INFO - 
================================================================================
DAG File Processing Stats

File Path                    PID  Runtime      # DAGs    # Errors  Last Runtime    Last Run
-------------------------  -----  ---------  --------  ----------  --------------  -------------------
/opt/airflow/dags/task.py    784  0.25s             1           0  2.53s           2024-11-22T15:11:20
================================================================================
[2024-11-22T15:12:22.883+0000] {manager.py:879} INFO - 
================================================================================
DAG File Processing Stats

File Path                  PID    Runtime      # DAGs    # Errors  Last Runtime    Last Run
-------------------------  -----  ---------  --------  ----------  --------------  -------------------
/opt/airflow/dags/task.py                           1           0  9.46s           2024-11-22T15:12:01
================================================================================
[2024-11-22T15:12:48.556+0000] {manager.py:738} INFO - Searching for files in /opt/airflow/dags
[2024-11-22T15:12:48.592+0000] {manager.py:741} INFO - There are 1 files in /opt/airflow/dags
[2024-11-22T15:12:53.210+0000] {manager.py:879} INFO - 
================================================================================
DAG File Processing Stats

File Path                  PID    Runtime      # DAGs    # Errors  Last Runtime    Last Run
-------------------------  -----  ---------  --------  ----------  --------------  -------------------
/opt/airflow/dags/task.py                           1           0  0.29s           2024-11-22T15:12:32
================================================================================
[2024-11-22T15:13:23.557+0000] {manager.py:879} INFO - 
================================================================================
DAG File Processing Stats

File Path                  PID    Runtime      # DAGs    # Errors  Last Runtime    Last Run
-------------------------  -----  ---------  --------  ----------  --------------  -------------------
/opt/airflow/dags/task.py                           1           0  0.23s           2024-11-22T15:13:02
================================================================================
[2024-11-22T15:13:48.914+0000] {manager.py:738} INFO - Searching for files in /opt/airflow/dags
[2024-11-22T15:13:48.948+0000] {manager.py:741} INFO - There are 1 files in /opt/airflow/dags
[2024-11-22T15:13:54.009+0000] {manager.py:879} INFO - 
================================================================================
DAG File Processing Stats

File Path                  PID    Runtime      # DAGs    # Errors  Last Runtime    Last Run
-------------------------  -----  ---------  --------  ----------  --------------  -------------------
/opt/airflow/dags/task.py                           1           0  0.19s           2024-11-22T15:13:32
================================================================================
[2024-11-22T15:14:24.296+0000] {manager.py:879} INFO - 
================================================================================
DAG File Processing Stats

File Path                  PID    Runtime      # DAGs    # Errors  Last Runtime    Last Run
-------------------------  -----  ---------  --------  ----------  --------------  -------------------
/opt/airflow/dags/task.py                           1           0  0.22s           2024-11-22T15:14:03
================================================================================
[2024-11-22T15:14:49.657+0000] {manager.py:738} INFO - Searching for files in /opt/airflow/dags
[2024-11-22T15:14:49.687+0000] {manager.py:741} INFO - There are 1 files in /opt/airflow/dags
[2024-11-22T15:14:54.735+0000] {manager.py:879} INFO - 
================================================================================
DAG File Processing Stats

File Path                  PID    Runtime      # DAGs    # Errors  Last Runtime    Last Run
-------------------------  -----  ---------  --------  ----------  --------------  -------------------
/opt/airflow/dags/task.py                           1           0  0.19s           2024-11-22T15:14:33
================================================================================
[2024-11-22T15:15:24.990+0000] {manager.py:879} INFO - 
================================================================================
DAG File Processing Stats

File Path                  PID    Runtime      # DAGs    # Errors  Last Runtime    Last Run
-------------------------  -----  ---------  --------  ----------  --------------  -------------------
/opt/airflow/dags/task.py                           1           0  0.22s           2024-11-22T15:15:04
================================================================================
[2024-11-22T15:15:50.214+0000] {manager.py:738} INFO - Searching for files in /opt/airflow/dags
[2024-11-22T15:15:50.254+0000] {manager.py:741} INFO - There are 1 files in /opt/airflow/dags
[2024-11-22T15:15:55.303+0000] {manager.py:879} INFO - 
================================================================================
DAG File Processing Stats

File Path                  PID    Runtime      # DAGs    # Errors  Last Runtime    Last Run
-------------------------  -----  ---------  --------  ----------  --------------  -------------------
/opt/airflow/dags/task.py                           1           0  0.90s           2024-11-22T15:15:39
================================================================================
[2024-11-22T15:16:25.638+0000] {manager.py:879} INFO - 
================================================================================
DAG File Processing Stats

File Path                  PID    Runtime      # DAGs    # Errors  Last Runtime    Last Run
-------------------------  -----  ---------  --------  ----------  --------------  -------------------
/opt/airflow/dags/task.py                           1           0  0.21s           2024-11-22T15:16:09
================================================================================
[2024-11-22T15:16:50.582+0000] {manager.py:738} INFO - Searching for files in /opt/airflow/dags
[2024-11-22T15:16:50.656+0000] {manager.py:741} INFO - There are 1 files in /opt/airflow/dags
[2024-11-22T15:16:55.715+0000] {manager.py:879} INFO - 
================================================================================
DAG File Processing Stats

File Path                  PID    Runtime      # DAGs    # Errors  Last Runtime    Last Run
-------------------------  -----  ---------  --------  ----------  --------------  -------------------
/opt/airflow/dags/task.py                           1           0  0.72s           2024-11-22T15:16:40
================================================================================
[2024-11-22T15:17:25.845+0000] {manager.py:879} INFO - 
================================================================================
DAG File Processing Stats

File Path                  PID    Runtime      # DAGs    # Errors  Last Runtime    Last Run
-------------------------  -----  ---------  --------  ----------  --------------  -------------------
/opt/airflow/dags/task.py                           1           0  0.44s           2024-11-22T15:17:11
================================================================================
[2024-11-22T15:17:51.068+0000] {manager.py:738} INFO - Searching for files in /opt/airflow/dags
[2024-11-22T15:17:51.102+0000] {manager.py:741} INFO - There are 1 files in /opt/airflow/dags
[2024-11-22T15:17:56.179+0000] {manager.py:879} INFO - 
================================================================================
DAG File Processing Stats

File Path                  PID    Runtime      # DAGs    # Errors  Last Runtime    Last Run
-------------------------  -----  ---------  --------  ----------  --------------  -------------------
/opt/airflow/dags/task.py                           1           0  0.31s           2024-11-22T15:17:42
================================================================================
[2024-11-22T15:18:26.560+0000] {manager.py:879} INFO - 
================================================================================
DAG File Processing Stats

File Path                  PID    Runtime      # DAGs    # Errors  Last Runtime    Last Run
-------------------------  -----  ---------  --------  ----------  --------------  -------------------
/opt/airflow/dags/task.py                           1           0  0.24s           2024-11-22T15:18:12
================================================================================
[2024-11-22T15:18:51.785+0000] {manager.py:738} INFO - Searching for files in /opt/airflow/dags
[2024-11-22T15:18:51.827+0000] {manager.py:741} INFO - There are 1 files in /opt/airflow/dags
[2024-11-22T15:18:56.873+0000] {manager.py:879} INFO - 
================================================================================
DAG File Processing Stats

File Path                  PID    Runtime      # DAGs    # Errors  Last Runtime    Last Run
-------------------------  -----  ---------  --------  ----------  --------------  -------------------
/opt/airflow/dags/task.py                           1           0  0.21s           2024-11-22T15:18:42
================================================================================
[2024-11-22T15:19:27.363+0000] {manager.py:879} INFO - 
================================================================================
DAG File Processing Stats

File Path                  PID    Runtime      # DAGs    # Errors  Last Runtime    Last Run
-------------------------  -----  ---------  --------  ----------  --------------  -------------------
/opt/airflow/dags/task.py                           1           0  0.56s           2024-11-22T15:19:13
================================================================================
[2024-11-22T15:19:52.041+0000] {manager.py:738} INFO - Searching for files in /opt/airflow/dags
[2024-11-22T15:19:52.070+0000] {manager.py:741} INFO - There are 1 files in /opt/airflow/dags
[2024-11-22T15:19:57.453+0000] {manager.py:879} INFO - 
================================================================================
DAG File Processing Stats

File Path                  PID    Runtime      # DAGs    # Errors  Last Runtime    Last Run
-------------------------  -----  ---------  --------  ----------  --------------  -------------------
/opt/airflow/dags/task.py                           1           0  0.40s           2024-11-22T15:19:44
================================================================================
[2024-11-22T15:20:27.677+0000] {manager.py:879} INFO - 
================================================================================
DAG File Processing Stats

File Path                  PID    Runtime      # DAGs    # Errors  Last Runtime    Last Run
-------------------------  -----  ---------  --------  ----------  --------------  -------------------
/opt/airflow/dags/task.py                           0           1  0.14s           2024-11-22T15:20:00
================================================================================
[2024-11-22T15:20:52.978+0000] {manager.py:738} INFO - Searching for files in /opt/airflow/dags
[2024-11-22T15:20:53.023+0000] {manager.py:741} INFO - There are 1 files in /opt/airflow/dags
[2024-11-22T15:20:58.079+0000] {manager.py:879} INFO - 
================================================================================
DAG File Processing Stats

File Path                  PID    Runtime      # DAGs    # Errors  Last Runtime    Last Run
-------------------------  -----  ---------  --------  ----------  --------------  -------------------
/opt/airflow/dags/task.py                           0           1  0.15s           2024-11-22T15:20:30
================================================================================
[2024-11-22T15:21:28.317+0000] {manager.py:879} INFO - 
================================================================================
DAG File Processing Stats

File Path                  PID    Runtime      # DAGs    # Errors  Last Runtime    Last Run
-------------------------  -----  ---------  --------  ----------  --------------  -------------------
/opt/airflow/dags/task.py                           0           1  0.09s           2024-11-22T15:21:01
================================================================================
[2024-11-22T15:21:53.603+0000] {manager.py:738} INFO - Searching for files in /opt/airflow/dags
[2024-11-22T15:21:53.636+0000] {manager.py:741} INFO - There are 1 files in /opt/airflow/dags
[2024-11-22T15:21:58.690+0000] {manager.py:879} INFO - 
================================================================================
DAG File Processing Stats

File Path                  PID    Runtime      # DAGs    # Errors  Last Runtime    Last Run
-------------------------  -----  ---------  --------  ----------  --------------  -------------------
/opt/airflow/dags/task.py                           0           1  0.09s           2024-11-22T15:21:31
================================================================================
[2024-11-22T15:22:29.462+0000] {manager.py:879} INFO - 
================================================================================
DAG File Processing Stats

File Path                  PID    Runtime      # DAGs    # Errors  Last Runtime    Last Run
-------------------------  -----  ---------  --------  ----------  --------------  -------------------
/opt/airflow/dags/task.py                           0           1  0.16s           2024-11-22T15:22:07
================================================================================
[2024-11-22T15:22:53.665+0000] {manager.py:738} INFO - Searching for files in /opt/airflow/dags
[2024-11-22T15:22:53.697+0000] {manager.py:741} INFO - There are 1 files in /opt/airflow/dags
[2024-11-22T15:22:59.766+0000] {manager.py:879} INFO - 
================================================================================
DAG File Processing Stats

File Path                  PID    Runtime      # DAGs    # Errors  Last Runtime    Last Run
-------------------------  -----  ---------  --------  ----------  --------------  -------------------
/opt/airflow/dags/task.py                           0           1  0.11s           2024-11-22T15:22:38
================================================================================
[2024-11-22T15:23:30.028+0000] {manager.py:879} INFO - 
================================================================================
DAG File Processing Stats

File Path                  PID    Runtime      # DAGs    # Errors  Last Runtime    Last Run
-------------------------  -----  ---------  --------  ----------  --------------  -------------------
/opt/airflow/dags/task.py                           0           1  0.09s           2024-11-22T15:23:08
================================================================================
[2024-11-22T15:23:54.288+0000] {manager.py:738} INFO - Searching for files in /opt/airflow/dags
[2024-11-22T15:23:54.318+0000] {manager.py:741} INFO - There are 1 files in /opt/airflow/dags
[2024-11-22T15:24:00.383+0000] {manager.py:879} INFO - 
================================================================================
DAG File Processing Stats

File Path                  PID    Runtime      # DAGs    # Errors  Last Runtime    Last Run
-------------------------  -----  ---------  --------  ----------  --------------  -------------------
/opt/airflow/dags/task.py                           0           1  0.15s           2024-11-22T15:23:39
================================================================================
[2024-11-22T15:24:30.662+0000] {manager.py:879} INFO - 
================================================================================
DAG File Processing Stats

File Path                  PID    Runtime      # DAGs    # Errors  Last Runtime    Last Run
-------------------------  -----  ---------  --------  ----------  --------------  -------------------
/opt/airflow/dags/task.py                           0           1  0.09s           2024-11-22T15:24:09
================================================================================
[2024-11-22T15:24:54.861+0000] {manager.py:738} INFO - Searching for files in /opt/airflow/dags
[2024-11-22T15:24:54.892+0000] {manager.py:741} INFO - There are 1 files in /opt/airflow/dags
[2024-11-22T15:25:00.952+0000] {manager.py:879} INFO - 
================================================================================
DAG File Processing Stats

File Path                  PID    Runtime      # DAGs    # Errors  Last Runtime    Last Run
-------------------------  -----  ---------  --------  ----------  --------------  -------------------
/opt/airflow/dags/task.py                           0           1  0.09s           2024-11-22T15:24:39
================================================================================
[2024-11-22T15:25:31.357+0000] {manager.py:879} INFO - 
================================================================================
DAG File Processing Stats

File Path                  PID    Runtime      # DAGs    # Errors  Last Runtime    Last Run
-------------------------  -----  ---------  --------  ----------  --------------  -------------------
/opt/airflow/dags/task.py                           0           1  0.13s           2024-11-22T15:25:10
================================================================================
[2024-11-22T15:25:55.559+0000] {manager.py:738} INFO - Searching for files in /opt/airflow/dags
[2024-11-22T15:25:55.599+0000] {manager.py:741} INFO - There are 1 files in /opt/airflow/dags
[2024-11-22T15:26:01.661+0000] {manager.py:879} INFO - 
================================================================================
DAG File Processing Stats

File Path                  PID    Runtime      # DAGs    # Errors  Last Runtime    Last Run
-------------------------  -----  ---------  --------  ----------  --------------  -------------------
/opt/airflow/dags/task.py                           0           1  0.08s           2024-11-22T15:25:40
================================================================================
[2024-11-22T15:26:31.954+0000] {manager.py:879} INFO - 
================================================================================
DAG File Processing Stats

File Path                  PID    Runtime      # DAGs    # Errors  Last Runtime    Last Run
-------------------------  -----  ---------  --------  ----------  --------------  -------------------
/opt/airflow/dags/task.py                           1           0  0.47s           2024-11-22T15:26:23
================================================================================
[2024-11-22T15:26:55.703+0000] {manager.py:738} INFO - Searching for files in /opt/airflow/dags
[2024-11-22T15:26:55.742+0000] {manager.py:741} INFO - There are 1 files in /opt/airflow/dags
[2024-11-22T15:27:02.578+0000] {manager.py:879} INFO - 
================================================================================
DAG File Processing Stats

File Path                  PID    Runtime      # DAGs    # Errors  Last Runtime    Last Run
-------------------------  -----  ---------  --------  ----------  --------------  -------------------
/opt/airflow/dags/task.py                           1           0  0.17s           2024-11-22T15:26:53
================================================================================
[2024-11-22T15:27:33.019+0000] {manager.py:879} INFO - 
================================================================================
DAG File Processing Stats

File Path                  PID    Runtime      # DAGs    # Errors  Last Runtime    Last Run
-------------------------  -----  ---------  --------  ----------  --------------  -------------------
/opt/airflow/dags/task.py                           1           0  0.18s           2024-11-22T15:27:23
================================================================================
[2024-11-22T15:27:56.184+0000] {manager.py:738} INFO - Searching for files in /opt/airflow/dags
[2024-11-22T15:27:56.223+0000] {manager.py:741} INFO - There are 1 files in /opt/airflow/dags
[2024-11-22T15:28:03.285+0000] {manager.py:879} INFO - 
================================================================================
DAG File Processing Stats

File Path                  PID    Runtime      # DAGs    # Errors  Last Runtime    Last Run
-------------------------  -----  ---------  --------  ----------  --------------  -------------------
/opt/airflow/dags/task.py                           1           0  0.17s           2024-11-22T15:27:54
================================================================================
[2024-11-22T15:28:33.576+0000] {manager.py:879} INFO - 
================================================================================
DAG File Processing Stats

File Path                  PID    Runtime      # DAGs    # Errors  Last Runtime    Last Run
-------------------------  -----  ---------  --------  ----------  --------------  -------------------
/opt/airflow/dags/task.py                           1           0  0.20s           2024-11-22T15:28:24
================================================================================
[2024-11-22T15:28:56.845+0000] {manager.py:738} INFO - Searching for files in /opt/airflow/dags
[2024-11-22T15:28:56.882+0000] {manager.py:741} INFO - There are 1 files in /opt/airflow/dags
[2024-11-22T15:29:03.951+0000] {manager.py:879} INFO - 
================================================================================
DAG File Processing Stats

File Path                  PID    Runtime      # DAGs    # Errors  Last Runtime    Last Run
-------------------------  -----  ---------  --------  ----------  --------------  -------------------
/opt/airflow/dags/task.py                           1           0  0.17s           2024-11-22T15:28:54
================================================================================
[2024-11-22T15:29:34.203+0000] {manager.py:879} INFO - 
================================================================================
DAG File Processing Stats

File Path                  PID    Runtime      # DAGs    # Errors  Last Runtime    Last Run
-------------------------  -----  ---------  --------  ----------  --------------  -------------------
/opt/airflow/dags/task.py                           1           0  0.17s           2024-11-22T15:29:25
================================================================================
[2024-11-22T15:29:57.463+0000] {manager.py:738} INFO - Searching for files in /opt/airflow/dags
[2024-11-22T15:29:57.509+0000] {manager.py:741} INFO - There are 1 files in /opt/airflow/dags
[2024-11-22T15:30:04.570+0000] {manager.py:879} INFO - 
================================================================================
DAG File Processing Stats

File Path                  PID    Runtime      # DAGs    # Errors  Last Runtime    Last Run
-------------------------  -----  ---------  --------  ----------  --------------  -------------------
/opt/airflow/dags/task.py                           1           0  0.17s           2024-11-22T15:29:55
================================================================================
[2024-11-22T15:30:34.876+0000] {manager.py:879} INFO - 
================================================================================
DAG File Processing Stats

File Path                  PID    Runtime      # DAGs    # Errors  Last Runtime    Last Run
-------------------------  -----  ---------  --------  ----------  --------------  -------------------
/opt/airflow/dags/task.py                           1           0  0.17s           2024-11-22T15:30:25
================================================================================
[2024-11-22T15:30:57.468+0000] {manager.py:738} INFO - Searching for files in /opt/airflow/dags
[2024-11-22T15:30:57.505+0000] {manager.py:741} INFO - There are 1 files in /opt/airflow/dags
[2024-11-22T15:31:05.230+0000] {manager.py:879} INFO - 
================================================================================
DAG File Processing Stats

File Path                  PID    Runtime      # DAGs    # Errors  Last Runtime    Last Run
-------------------------  -----  ---------  --------  ----------  --------------  -------------------
/opt/airflow/dags/task.py                           1           0  0.43s           2024-11-22T15:30:56
================================================================================
[2024-11-22T15:31:35.768+0000] {manager.py:879} INFO - 
================================================================================
DAG File Processing Stats

File Path                  PID    Runtime      # DAGs    # Errors  Last Runtime    Last Run
-------------------------  -----  ---------  --------  ----------  --------------  -------------------
/opt/airflow/dags/task.py                           1           0  0.20s           2024-11-22T15:31:26
================================================================================
[2024-11-22T15:31:58.104+0000] {manager.py:738} INFO - Searching for files in /opt/airflow/dags
[2024-11-22T15:31:58.140+0000] {manager.py:741} INFO - There are 1 files in /opt/airflow/dags
[2024-11-22T15:32:06.210+0000] {manager.py:879} INFO - 
================================================================================
DAG File Processing Stats

File Path                  PID    Runtime      # DAGs    # Errors  Last Runtime    Last Run
-------------------------  -----  ---------  --------  ----------  --------------  -------------------
/opt/airflow/dags/task.py                           1           0  0.31s           2024-11-22T15:31:57
================================================================================
[2024-11-22T15:32:36.571+0000] {manager.py:879} INFO - 
================================================================================
DAG File Processing Stats

File Path                  PID    Runtime      # DAGs    # Errors  Last Runtime    Last Run
-------------------------  -----  ---------  --------  ----------  --------------  -------------------
/opt/airflow/dags/task.py                           1           0  0.18s           2024-11-22T15:32:27
================================================================================
[2024-11-22T15:32:58.742+0000] {manager.py:738} INFO - Searching for files in /opt/airflow/dags
[2024-11-22T15:32:58.771+0000] {manager.py:741} INFO - There are 1 files in /opt/airflow/dags
[2024-11-22T15:33:06.840+0000] {manager.py:879} INFO - 
================================================================================
DAG File Processing Stats

File Path                  PID    Runtime      # DAGs    # Errors  Last Runtime    Last Run
-------------------------  -----  ---------  --------  ----------  --------------  -------------------
/opt/airflow/dags/task.py                           1           0  0.17s           2024-11-22T15:32:57
================================================================================
[2024-11-22T15:33:37.128+0000] {manager.py:879} INFO - 
================================================================================
DAG File Processing Stats

File Path                  PID    Runtime      # DAGs    # Errors  Last Runtime    Last Run
-------------------------  -----  ---------  --------  ----------  --------------  -------------------
/opt/airflow/dags/task.py                           1           0  0.16s           2024-11-22T15:33:28
================================================================================
[2024-11-22T15:33:59.367+0000] {manager.py:738} INFO - Searching for files in /opt/airflow/dags
[2024-11-22T15:33:59.447+0000] {manager.py:741} INFO - There are 1 files in /opt/airflow/dags
[2024-11-22T15:34:07.522+0000] {manager.py:879} INFO - 
================================================================================
DAG File Processing Stats

File Path                  PID    Runtime      # DAGs    # Errors  Last Runtime    Last Run
-------------------------  -----  ---------  --------  ----------  --------------  -------------------
/opt/airflow/dags/task.py                           1           0  0.17s           2024-11-22T15:33:58
================================================================================
[2024-11-22T15:34:37.760+0000] {manager.py:879} INFO - 
================================================================================
DAG File Processing Stats

File Path                  PID    Runtime      # DAGs    # Errors  Last Runtime    Last Run
-------------------------  -----  ---------  --------  ----------  --------------  -------------------
/opt/airflow/dags/task.py                           1           0  0.22s           2024-11-22T15:34:28
================================================================================
[2024-11-22T15:35:00.129+0000] {manager.py:738} INFO - Searching for files in /opt/airflow/dags
[2024-11-22T15:35:00.181+0000] {manager.py:741} INFO - There are 1 files in /opt/airflow/dags
[2024-11-22T15:35:09.122+0000] {manager.py:879} INFO - 
================================================================================
DAG File Processing Stats

File Path                  PID    Runtime      # DAGs    # Errors  Last Runtime    Last Run
-------------------------  -----  ---------  --------  ----------  --------------  -------------------
/opt/airflow/dags/task.py                           1           0  0.31s           2024-11-22T15:34:43
================================================================================
[2024-11-22T15:35:09.167+0000] {manager.py:451} INFO - Exiting gracefully upon receiving signal 15
[2024-11-22T15:37:27.816+0000] {manager.py:469} INFO - Processing files using up to 2 processes at a time 
[2024-11-22T15:37:27.820+0000] {manager.py:470} INFO - Process each file at most once every 30 seconds
[2024-11-22T15:37:27.821+0000] {manager.py:471} INFO - Checking for new files in /opt/airflow/dags every 60 seconds
[2024-11-22T15:37:27.823+0000] {manager.py:738} INFO - Searching for files in /opt/airflow/dags
[2024-11-22T15:37:27.890+0000] {manager.py:741} INFO - There are 1 files in /opt/airflow/dags
[2024-11-22T15:37:29.464+0000] {manager.py:879} INFO - 
================================================================================
DAG File Processing Stats

File Path                    PID  Runtime      # DAGs    # Errors  Last Runtime    Last Run
-------------------------  -----  ---------  --------  ----------  --------------  ----------
/opt/airflow/dags/task.py    207  0.69s             0           0
================================================================================
[2024-11-22T15:37:59.909+0000] {manager.py:879} INFO - 
================================================================================
DAG File Processing Stats

File Path                  PID    Runtime      # DAGs    # Errors  Last Runtime    Last Run
-------------------------  -----  ---------  --------  ----------  --------------  -------------------
/opt/airflow/dags/task.py                           1           0  2.35s           2024-11-22T15:37:31
================================================================================
[2024-11-22T15:38:28.405+0000] {manager.py:738} INFO - Searching for files in /opt/airflow/dags
[2024-11-22T15:38:28.461+0000] {manager.py:741} INFO - There are 1 files in /opt/airflow/dags
[2024-11-22T15:38:30.512+0000] {manager.py:879} INFO - 
================================================================================
DAG File Processing Stats

File Path                  PID    Runtime      # DAGs    # Errors  Last Runtime    Last Run
-------------------------  -----  ---------  --------  ----------  --------------  -------------------
/opt/airflow/dags/task.py                           1           0  2.68s           2024-11-22T15:38:04
================================================================================
[2024-11-22T15:39:00.628+0000] {manager.py:879} INFO - 
================================================================================
DAG File Processing Stats

File Path                  PID    Runtime      # DAGs    # Errors  Last Runtime    Last Run
-------------------------  -----  ---------  --------  ----------  --------------  -------------------
/opt/airflow/dags/task.py                           1           0  0.26s           2024-11-22T15:38:35
================================================================================
[2024-11-22T15:39:29.045+0000] {manager.py:738} INFO - Searching for files in /opt/airflow/dags
[2024-11-22T15:39:29.082+0000] {manager.py:741} INFO - There are 1 files in /opt/airflow/dags
[2024-11-22T15:39:31.125+0000] {manager.py:879} INFO - 
================================================================================
DAG File Processing Stats

File Path                  PID    Runtime      # DAGs    # Errors  Last Runtime    Last Run
-------------------------  -----  ---------  --------  ----------  --------------  -------------------
/opt/airflow/dags/task.py                           1           0  0.26s           2024-11-22T15:39:06
================================================================================
[2024-11-22T15:40:01.417+0000] {manager.py:879} INFO - 
================================================================================
DAG File Processing Stats

File Path                  PID    Runtime      # DAGs    # Errors  Last Runtime    Last Run
-------------------------  -----  ---------  --------  ----------  --------------  -------------------
/opt/airflow/dags/task.py                           1           0  0.18s           2024-11-22T15:39:37
================================================================================
[2024-11-22T15:40:29.505+0000] {manager.py:738} INFO - Searching for files in /opt/airflow/dags
[2024-11-22T15:40:29.555+0000] {manager.py:741} INFO - There are 1 files in /opt/airflow/dags
[2024-11-22T15:40:31.593+0000] {manager.py:879} INFO - 
================================================================================
DAG File Processing Stats

File Path                  PID    Runtime      # DAGs    # Errors  Last Runtime    Last Run
-------------------------  -----  ---------  --------  ----------  --------------  -------------------
/opt/airflow/dags/task.py                           1           0  0.74s           2024-11-22T15:40:08
================================================================================
[2024-11-22T15:41:01.988+0000] {manager.py:879} INFO - 
================================================================================
DAG File Processing Stats

File Path                  PID    Runtime      # DAGs    # Errors  Last Runtime    Last Run
-------------------------  -----  ---------  --------  ----------  --------------  -------------------
/opt/airflow/dags/task.py                           1           0  0.20s           2024-11-22T15:40:55
================================================================================
[2024-11-22T15:41:29.638+0000] {manager.py:738} INFO - Searching for files in /opt/airflow/dags
[2024-11-22T15:41:29.698+0000] {manager.py:741} INFO - There are 1 files in /opt/airflow/dags
[2024-11-22T15:41:32.223+0000] {manager.py:879} INFO - 
================================================================================
DAG File Processing Stats

File Path                  PID    Runtime      # DAGs    # Errors  Last Runtime    Last Run
-------------------------  -----  ---------  --------  ----------  --------------  -------------------
/opt/airflow/dags/task.py                           1           0  0.45s           2024-11-22T15:41:26
================================================================================
[2024-11-22T15:42:03.080+0000] {manager.py:879} INFO - 
================================================================================
DAG File Processing Stats

File Path                  PID    Runtime      # DAGs    # Errors  Last Runtime    Last Run
-------------------------  -----  ---------  --------  ----------  --------------  -------------------
/opt/airflow/dags/task.py                           1           0  0.19s           2024-11-22T15:41:57
================================================================================
[2024-11-22T15:42:30.407+0000] {manager.py:738} INFO - Searching for files in /opt/airflow/dags
[2024-11-22T15:42:30.438+0000] {manager.py:741} INFO - There are 1 files in /opt/airflow/dags
[2024-11-22T15:42:33.478+0000] {manager.py:879} INFO - 
================================================================================
DAG File Processing Stats

File Path                  PID    Runtime      # DAGs    # Errors  Last Runtime    Last Run
-------------------------  -----  ---------  --------  ----------  --------------  -------------------
/opt/airflow/dags/task.py                           1           0  0.25s           2024-11-22T15:42:27
================================================================================
[2024-11-22T15:43:03.845+0000] {manager.py:879} INFO - 
================================================================================
DAG File Processing Stats

File Path                  PID    Runtime      # DAGs    # Errors  Last Runtime    Last Run
-------------------------  -----  ---------  --------  ----------  --------------  -------------------
/opt/airflow/dags/task.py                           1           0  0.34s           2024-11-22T15:42:58
================================================================================
[2024-11-22T15:43:30.567+0000] {manager.py:738} INFO - Searching for files in /opt/airflow/dags
[2024-11-22T15:43:30.603+0000] {manager.py:741} INFO - There are 1 files in /opt/airflow/dags
[2024-11-22T15:43:34.274+0000] {manager.py:879} INFO - 
================================================================================
DAG File Processing Stats

File Path                  PID    Runtime      # DAGs    # Errors  Last Runtime    Last Run
-------------------------  -----  ---------  --------  ----------  --------------  -------------------
/opt/airflow/dags/task.py                           1           0  0.32s           2024-11-22T15:43:28
================================================================================
[2024-11-22T15:44:04.291+0000] {manager.py:879} INFO - 
================================================================================
DAG File Processing Stats

File Path                  PID    Runtime      # DAGs    # Errors  Last Runtime    Last Run
-------------------------  -----  ---------  --------  ----------  --------------  -------------------
/opt/airflow/dags/task.py                           1           0  0.44s           2024-11-22T15:43:59
================================================================================
[2024-11-22T15:44:30.881+0000] {manager.py:738} INFO - Searching for files in /opt/airflow/dags
[2024-11-22T15:44:30.949+0000] {manager.py:741} INFO - There are 1 files in /opt/airflow/dags
[2024-11-22T15:44:34.503+0000] {manager.py:879} INFO - 
================================================================================
DAG File Processing Stats

File Path                  PID    Runtime      # DAGs    # Errors  Last Runtime    Last Run
-------------------------  -----  ---------  --------  ----------  --------------  -------------------
/opt/airflow/dags/task.py                           1           0  0.40s           2024-11-22T15:44:29
================================================================================
[2024-11-22T15:45:05.207+0000] {manager.py:879} INFO - 
================================================================================
DAG File Processing Stats

File Path                  PID    Runtime      # DAGs    # Errors  Last Runtime    Last Run
-------------------------  -----  ---------  --------  ----------  --------------  -------------------
/opt/airflow/dags/task.py                           1           0  0.24s           2024-11-22T15:45:00
================================================================================
[2024-11-22T15:45:31.617+0000] {manager.py:738} INFO - Searching for files in /opt/airflow/dags
[2024-11-22T15:45:31.652+0000] {manager.py:741} INFO - There are 1 files in /opt/airflow/dags
[2024-11-22T15:45:35.697+0000] {manager.py:879} INFO - 
================================================================================
DAG File Processing Stats

File Path                  PID    Runtime      # DAGs    # Errors  Last Runtime    Last Run
-------------------------  -----  ---------  --------  ----------  --------------  -------------------
/opt/airflow/dags/task.py                           1           0  0.18s           2024-11-22T15:45:30
================================================================================
[2024-11-22T15:46:06.016+0000] {manager.py:879} INFO - 
================================================================================
DAG File Processing Stats

File Path                  PID    Runtime      # DAGs    # Errors  Last Runtime    Last Run
-------------------------  -----  ---------  --------  ----------  --------------  -------------------
/opt/airflow/dags/task.py                           1           0  0.19s           2024-11-22T15:46:01
================================================================================
[2024-11-22T15:46:17.960+0000] {manager.py:451} INFO - Exiting gracefully upon receiving signal 15
[2024-11-22T15:48:06.179+0000] {manager.py:469} INFO - Processing files using up to 2 processes at a time 
[2024-11-22T15:48:06.181+0000] {manager.py:470} INFO - Process each file at most once every 30 seconds
[2024-11-22T15:48:06.183+0000] {manager.py:471} INFO - Checking for new files in /opt/airflow/dags every 60 seconds
[2024-11-22T15:48:06.185+0000] {manager.py:738} INFO - Searching for files in /opt/airflow/dags
[2024-11-22T15:48:06.226+0000] {manager.py:741} INFO - There are 1 files in /opt/airflow/dags
[2024-11-22T15:48:06.663+0000] {manager.py:879} INFO - 
================================================================================
DAG File Processing Stats

File Path                    PID  Runtime      # DAGs    # Errors  Last Runtime    Last Run
-------------------------  -----  ---------  --------  ----------  --------------  ----------
/opt/airflow/dags/task.py    192  0.12s             0           0
================================================================================
[2024-11-22T15:48:36.860+0000] {manager.py:879} INFO - 
================================================================================
DAG File Processing Stats

File Path                  PID    Runtime      # DAGs    # Errors  Last Runtime    Last Run
-------------------------  -----  ---------  --------  ----------  --------------  -------------------
/opt/airflow/dags/task.py                           1           0  0.94s           2024-11-22T15:48:07
================================================================================
[2024-11-22T15:49:06.299+0000] {manager.py:738} INFO - Searching for files in /opt/airflow/dags
[2024-11-22T15:49:06.326+0000] {manager.py:741} INFO - There are 1 files in /opt/airflow/dags
[2024-11-22T15:49:07.123+0000] {manager.py:879} INFO - 
================================================================================
DAG File Processing Stats

File Path                  PID    Runtime      # DAGs    # Errors  Last Runtime    Last Run
-------------------------  -----  ---------  --------  ----------  --------------  -------------------
/opt/airflow/dags/task.py                           1           0  0.21s           2024-11-22T15:48:38
================================================================================
[2024-11-22T15:49:37.408+0000] {manager.py:879} INFO - 
================================================================================
DAG File Processing Stats

File Path                  PID    Runtime      # DAGs    # Errors  Last Runtime    Last Run
-------------------------  -----  ---------  --------  ----------  --------------  -------------------
/opt/airflow/dags/task.py                           1           0  0.18s           2024-11-22T15:49:08
================================================================================
[2024-11-22T15:50:06.862+0000] {manager.py:738} INFO - Searching for files in /opt/airflow/dags
[2024-11-22T15:50:06.897+0000] {manager.py:741} INFO - There are 1 files in /opt/airflow/dags
[2024-11-22T15:50:07.924+0000] {manager.py:879} INFO - 
================================================================================
DAG File Processing Stats

File Path                  PID    Runtime      # DAGs    # Errors  Last Runtime    Last Run
-------------------------  -----  ---------  --------  ----------  --------------  -------------------
/opt/airflow/dags/task.py                           1           0  0.52s           2024-11-22T15:49:38
================================================================================
[2024-11-22T15:50:38.571+0000] {manager.py:879} INFO - 
================================================================================
DAG File Processing Stats

File Path                  PID    Runtime      # DAGs    # Errors  Last Runtime    Last Run
-------------------------  -----  ---------  --------  ----------  --------------  -------------------
/opt/airflow/dags/task.py                           1           0  0.23s           2024-11-22T15:50:09
================================================================================
[2024-11-22T15:51:07.358+0000] {manager.py:738} INFO - Searching for files in /opt/airflow/dags
[2024-11-22T15:51:07.386+0000] {manager.py:741} INFO - There are 1 files in /opt/airflow/dags
[2024-11-22T15:51:08.644+0000] {manager.py:879} INFO - 
================================================================================
DAG File Processing Stats

File Path                  PID    Runtime      # DAGs    # Errors  Last Runtime    Last Run
-------------------------  -----  ---------  --------  ----------  --------------  -------------------
/opt/airflow/dags/task.py                           1           0  0.64s           2024-11-22T15:50:40
================================================================================
[2024-11-22T15:51:38.682+0000] {manager.py:879} INFO - 
================================================================================
DAG File Processing Stats

File Path                  PID    Runtime      # DAGs    # Errors  Last Runtime    Last Run
-------------------------  -----  ---------  --------  ----------  --------------  -------------------
/opt/airflow/dags/task.py                           1           0  0.22s           2024-11-22T15:51:10
================================================================================
[2024-11-22T15:52:08.145+0000] {manager.py:738} INFO - Searching for files in /opt/airflow/dags
[2024-11-22T15:52:08.184+0000] {manager.py:741} INFO - There are 1 files in /opt/airflow/dags
[2024-11-22T15:52:09.246+0000] {manager.py:879} INFO - 
================================================================================
DAG File Processing Stats

File Path                  PID    Runtime      # DAGs    # Errors  Last Runtime    Last Run
-------------------------  -----  ---------  --------  ----------  --------------  -------------------
/opt/airflow/dags/task.py                           1           0  1.58s           2024-11-22T15:51:42
================================================================================
[2024-11-22T15:52:39.584+0000] {manager.py:879} INFO - 
================================================================================
DAG File Processing Stats

File Path                  PID    Runtime      # DAGs    # Errors  Last Runtime    Last Run
-------------------------  -----  ---------  --------  ----------  --------------  -------------------
/opt/airflow/dags/task.py                           1           0  0.36s           2024-11-22T15:52:12
================================================================================
[2024-11-22T15:53:08.776+0000] {manager.py:738} INFO - Searching for files in /opt/airflow/dags
[2024-11-22T15:53:08.855+0000] {manager.py:741} INFO - There are 1 files in /opt/airflow/dags
[2024-11-22T15:53:09.935+0000] {manager.py:879} INFO - 
================================================================================
DAG File Processing Stats

File Path                  PID    Runtime      # DAGs    # Errors  Last Runtime    Last Run
-------------------------  -----  ---------  --------  ----------  --------------  -------------------
/opt/airflow/dags/task.py                           1           0  1.14s           2024-11-22T15:52:44
================================================================================
[2024-11-22T15:53:40.209+0000] {manager.py:879} INFO - 
================================================================================
DAG File Processing Stats

File Path                  PID    Runtime      # DAGs    # Errors  Last Runtime    Last Run
-------------------------  -----  ---------  --------  ----------  --------------  -------------------
/opt/airflow/dags/task.py                           1           0  0.29s           2024-11-22T15:53:15
================================================================================
[2024-11-22T15:54:06.966+0000] {manager.py:451} INFO - Exiting gracefully upon receiving signal 15
