[2024-11-22T14:51:50.067+0000] {taskinstance.py:1956} INFO - Dependencies all met for dep_context=non-requeueable deps ti=<TaskInstance: work_task.gen_id_name scheduled__2024-11-21T00:00:00+00:00 [queued]>
[2024-11-22T14:51:50.083+0000] {taskinstance.py:1956} INFO - Dependencies all met for dep_context=requeueable deps ti=<TaskInstance: work_task.gen_id_name scheduled__2024-11-21T00:00:00+00:00 [queued]>
[2024-11-22T14:51:50.084+0000] {taskinstance.py:2170} INFO - Starting attempt 1 of 6
[2024-11-22T14:51:50.104+0000] {taskinstance.py:2191} INFO - Executing <Task(_PythonDecoratedOperator): gen_id_name> on 2024-11-21 00:00:00+00:00
[2024-11-22T14:51:50.110+0000] {standard_task_runner.py:60} INFO - Started process 953 to run task
[2024-11-22T14:51:50.116+0000] {standard_task_runner.py:87} INFO - Running: ['***', 'tasks', 'run', 'work_task', 'gen_id_name', 'scheduled__2024-11-21T00:00:00+00:00', '--job-id', '8', '--raw', '--subdir', 'DAGS_FOLDER/task.py', '--cfg-path', '/tmp/tmp934mam4a']
[2024-11-22T14:51:50.121+0000] {standard_task_runner.py:88} INFO - Job 8: Subtask gen_id_name
[2024-11-22T14:51:50.217+0000] {task_command.py:423} INFO - Running <TaskInstance: work_task.gen_id_name scheduled__2024-11-21T00:00:00+00:00 [running]> on host 370c84c603a0
[2024-11-22T14:51:50.331+0000] {taskinstance.py:2480} INFO - Exporting env vars: AIRFLOW_CTX_DAG_OWNER='***' AIRFLOW_CTX_DAG_ID='work_task' AIRFLOW_CTX_TASK_ID='gen_id_name' AIRFLOW_CTX_EXECUTION_DATE='2024-11-21T00:00:00+00:00' AIRFLOW_CTX_TRY_NUMBER='1' AIRFLOW_CTX_DAG_RUN_ID='scheduled__2024-11-21T00:00:00+00:00'
[2024-11-22T14:51:50.336+0000] {python.py:201} INFO - Done. Returned value was: (22, 'James')
[2024-11-22T14:51:50.377+0000] {taskinstance.py:1138} INFO - Marking task as SUCCESS. dag_id=work_task, task_id=gen_id_name, execution_date=20241121T000000, start_date=20241122T145150, end_date=20241122T145150
[2024-11-22T14:51:50.419+0000] {local_task_job_runner.py:234} INFO - Task exited with return code 0
[2024-11-22T14:51:50.458+0000] {taskinstance.py:3280} INFO - 1 downstream tasks scheduled from follow-on schedule check
[2024-11-22T15:02:31.488+0000] {taskinstance.py:1956} INFO - Dependencies all met for dep_context=non-requeueable deps ti=<TaskInstance: work_task.gen_id_name scheduled__2024-11-21T00:00:00+00:00 [queued]>
[2024-11-22T15:02:31.541+0000] {taskinstance.py:1956} INFO - Dependencies all met for dep_context=requeueable deps ti=<TaskInstance: work_task.gen_id_name scheduled__2024-11-21T00:00:00+00:00 [queued]>
[2024-11-22T15:02:31.542+0000] {taskinstance.py:2170} INFO - Starting attempt 1 of 6
[2024-11-22T15:02:31.605+0000] {taskinstance.py:2191} INFO - Executing <Task(_PythonDecoratedOperator): gen_id_name> on 2024-11-21 00:00:00+00:00
[2024-11-22T15:02:31.685+0000] {standard_task_runner.py:87} INFO - Running: ['***', 'tasks', 'run', 'work_task', 'gen_id_name', 'scheduled__2024-11-21T00:00:00+00:00', '--job-id', '16', '--raw', '--subdir', 'DAGS_FOLDER/task.py', '--cfg-path', '/tmp/tmpc9u53bru']
[2024-11-22T15:02:31.676+0000] {standard_task_runner.py:60} INFO - Started process 376 to run task
[2024-11-22T15:02:31.696+0000] {standard_task_runner.py:88} INFO - Job 16: Subtask gen_id_name
[2024-11-22T15:02:33.865+0000] {task_command.py:423} INFO - Running <TaskInstance: work_task.gen_id_name scheduled__2024-11-21T00:00:00+00:00 [running]> on host 892507b96f2b
[2024-11-22T15:02:34.827+0000] {taskinstance.py:2480} INFO - Exporting env vars: AIRFLOW_CTX_DAG_OWNER='***' AIRFLOW_CTX_DAG_ID='work_task' AIRFLOW_CTX_TASK_ID='gen_id_name' AIRFLOW_CTX_EXECUTION_DATE='2024-11-21T00:00:00+00:00' AIRFLOW_CTX_TRY_NUMBER='1' AIRFLOW_CTX_DAG_RUN_ID='scheduled__2024-11-21T00:00:00+00:00'
[2024-11-22T15:02:34.875+0000] {python.py:201} INFO - Done. Returned value was: (28, 'Joseph')
[2024-11-22T15:02:35.200+0000] {taskinstance.py:1138} INFO - Marking task as SUCCESS. dag_id=work_task, task_id=gen_id_name, execution_date=20241121T000000, start_date=20241122T150231, end_date=20241122T150235
[2024-11-22T15:02:35.525+0000] {local_task_job_runner.py:234} INFO - Task exited with return code 0
[2024-11-22T15:02:36.192+0000] {taskinstance.py:3280} INFO - 0 downstream tasks scheduled from follow-on schedule check
[2024-11-22T15:16:45.344+0000] {taskinstance.py:1956} INFO - Dependencies all met for dep_context=non-requeueable deps ti=<TaskInstance: work_task.gen_id_name scheduled__2024-11-21T00:00:00+00:00 [queued]>
[2024-11-22T15:16:45.362+0000] {taskinstance.py:1956} INFO - Dependencies all met for dep_context=requeueable deps ti=<TaskInstance: work_task.gen_id_name scheduled__2024-11-21T00:00:00+00:00 [queued]>
[2024-11-22T15:16:45.362+0000] {taskinstance.py:2170} INFO - Starting attempt 1 of 6
[2024-11-22T15:16:45.381+0000] {taskinstance.py:2191} INFO - Executing <Task(_PythonDecoratedOperator): gen_id_name> on 2024-11-21 00:00:00+00:00
[2024-11-22T15:16:45.387+0000] {standard_task_runner.py:60} INFO - Started process 1116 to run task
[2024-11-22T15:16:45.392+0000] {standard_task_runner.py:87} INFO - Running: ['***', 'tasks', 'run', 'work_task', 'gen_id_name', 'scheduled__2024-11-21T00:00:00+00:00', '--job-id', '22', '--raw', '--subdir', 'DAGS_FOLDER/task.py', '--cfg-path', '/tmp/tmp1bqjk6co']
[2024-11-22T15:16:45.396+0000] {standard_task_runner.py:88} INFO - Job 22: Subtask gen_id_name
[2024-11-22T15:16:45.465+0000] {task_command.py:423} INFO - Running <TaskInstance: work_task.gen_id_name scheduled__2024-11-21T00:00:00+00:00 [running]> on host 892507b96f2b
[2024-11-22T15:16:45.562+0000] {taskinstance.py:2480} INFO - Exporting env vars: AIRFLOW_CTX_DAG_OWNER='***' AIRFLOW_CTX_DAG_ID='work_task' AIRFLOW_CTX_TASK_ID='gen_id_name' AIRFLOW_CTX_EXECUTION_DATE='2024-11-21T00:00:00+00:00' AIRFLOW_CTX_TRY_NUMBER='1' AIRFLOW_CTX_DAG_RUN_ID='scheduled__2024-11-21T00:00:00+00:00'
[2024-11-22T15:16:45.565+0000] {python.py:201} INFO - Done. Returned value was: (68, 'Patricia')
[2024-11-22T15:16:45.603+0000] {taskinstance.py:1138} INFO - Marking task as SUCCESS. dag_id=work_task, task_id=gen_id_name, execution_date=20241121T000000, start_date=20241122T151645, end_date=20241122T151645
[2024-11-22T15:16:45.656+0000] {local_task_job_runner.py:234} INFO - Task exited with return code 0
[2024-11-22T15:16:45.692+0000] {taskinstance.py:3280} INFO - 1 downstream tasks scheduled from follow-on schedule check
[2024-11-22T15:26:28.587+0000] {taskinstance.py:1956} INFO - Dependencies all met for dep_context=non-requeueable deps ti=<TaskInstance: work_task.gen_id_name scheduled__2024-11-21T00:00:00+00:00 [queued]>
[2024-11-22T15:26:28.602+0000] {taskinstance.py:1956} INFO - Dependencies all met for dep_context=requeueable deps ti=<TaskInstance: work_task.gen_id_name scheduled__2024-11-21T00:00:00+00:00 [queued]>
[2024-11-22T15:26:28.603+0000] {taskinstance.py:2170} INFO - Starting attempt 1 of 6
[2024-11-22T15:26:28.624+0000] {taskinstance.py:2191} INFO - Executing <Task(_PythonDecoratedOperator): gen_id_name> on 2024-11-21 00:00:00+00:00
[2024-11-22T15:26:28.632+0000] {standard_task_runner.py:60} INFO - Started process 1778 to run task
[2024-11-22T15:26:28.637+0000] {standard_task_runner.py:87} INFO - Running: ['***', 'tasks', 'run', 'work_task', 'gen_id_name', 'scheduled__2024-11-21T00:00:00+00:00', '--job-id', '25', '--raw', '--subdir', 'DAGS_FOLDER/task.py', '--cfg-path', '/tmp/tmpth_2dyyl']
[2024-11-22T15:26:28.642+0000] {standard_task_runner.py:88} INFO - Job 25: Subtask gen_id_name
[2024-11-22T15:26:28.724+0000] {task_command.py:423} INFO - Running <TaskInstance: work_task.gen_id_name scheduled__2024-11-21T00:00:00+00:00 [running]> on host 892507b96f2b
[2024-11-22T15:26:28.898+0000] {taskinstance.py:2480} INFO - Exporting env vars: AIRFLOW_CTX_DAG_OWNER='***' AIRFLOW_CTX_DAG_ID='work_task' AIRFLOW_CTX_TASK_ID='gen_id_name' AIRFLOW_CTX_EXECUTION_DATE='2024-11-21T00:00:00+00:00' AIRFLOW_CTX_TRY_NUMBER='1' AIRFLOW_CTX_DAG_RUN_ID='scheduled__2024-11-21T00:00:00+00:00'
[2024-11-22T15:26:28.904+0000] {python.py:201} INFO - Done. Returned value was: (38, 'Sarah')
[2024-11-22T15:26:28.967+0000] {taskinstance.py:1138} INFO - Marking task as SUCCESS. dag_id=work_task, task_id=gen_id_name, execution_date=20241121T000000, start_date=20241122T152628, end_date=20241122T152628
[2024-11-22T15:26:28.997+0000] {local_task_job_runner.py:234} INFO - Task exited with return code 0
[2024-11-22T15:26:29.055+0000] {taskinstance.py:3280} INFO - 1 downstream tasks scheduled from follow-on schedule check
[2024-11-22T15:38:47.902+0000] {taskinstance.py:1956} INFO - Dependencies all met for dep_context=non-requeueable deps ti=<TaskInstance: work_task.gen_id_name scheduled__2024-11-21T00:00:00+00:00 [queued]>
[2024-11-22T15:38:47.915+0000] {taskinstance.py:1956} INFO - Dependencies all met for dep_context=requeueable deps ti=<TaskInstance: work_task.gen_id_name scheduled__2024-11-21T00:00:00+00:00 [queued]>
[2024-11-22T15:38:47.916+0000] {taskinstance.py:2170} INFO - Starting attempt 1 of 6
[2024-11-22T15:38:47.938+0000] {taskinstance.py:2191} INFO - Executing <Task(_PythonDecoratedOperator): gen_id_name> on 2024-11-21 00:00:00+00:00
[2024-11-22T15:38:47.946+0000] {standard_task_runner.py:60} INFO - Started process 280 to run task
[2024-11-22T15:38:47.953+0000] {standard_task_runner.py:87} INFO - Running: ['***', 'tasks', 'run', 'work_task', 'gen_id_name', 'scheduled__2024-11-21T00:00:00+00:00', '--job-id', '4', '--raw', '--subdir', 'DAGS_FOLDER/task.py', '--cfg-path', '/tmp/tmpy5fevn0l']
[2024-11-22T15:38:47.959+0000] {standard_task_runner.py:88} INFO - Job 4: Subtask gen_id_name
[2024-11-22T15:38:48.107+0000] {task_command.py:423} INFO - Running <TaskInstance: work_task.gen_id_name scheduled__2024-11-21T00:00:00+00:00 [running]> on host 7003e752bc1d
[2024-11-22T15:38:48.231+0000] {taskinstance.py:2480} INFO - Exporting env vars: AIRFLOW_CTX_DAG_OWNER='***' AIRFLOW_CTX_DAG_ID='work_task' AIRFLOW_CTX_TASK_ID='gen_id_name' AIRFLOW_CTX_EXECUTION_DATE='2024-11-21T00:00:00+00:00' AIRFLOW_CTX_TRY_NUMBER='1' AIRFLOW_CTX_DAG_RUN_ID='scheduled__2024-11-21T00:00:00+00:00'
[2024-11-22T15:38:48.233+0000] {python.py:201} INFO - Done. Returned value was: (6, 'Linda')
[2024-11-22T15:38:48.269+0000] {taskinstance.py:1138} INFO - Marking task as SUCCESS. dag_id=work_task, task_id=gen_id_name, execution_date=20241121T000000, start_date=20241122T153847, end_date=20241122T153848
[2024-11-22T15:38:48.302+0000] {local_task_job_runner.py:234} INFO - Task exited with return code 0
[2024-11-22T15:38:48.339+0000] {taskinstance.py:3280} INFO - 0 downstream tasks scheduled from follow-on schedule check
[2024-11-22T15:40:12.260+0000] {taskinstance.py:1956} INFO - Dependencies all met for dep_context=non-requeueable deps ti=<TaskInstance: work_task.gen_id_name scheduled__2024-11-21T00:00:00+00:00 [queued]>
[2024-11-22T15:40:12.404+0000] {taskinstance.py:1956} INFO - Dependencies all met for dep_context=requeueable deps ti=<TaskInstance: work_task.gen_id_name scheduled__2024-11-21T00:00:00+00:00 [queued]>
[2024-11-22T15:40:12.431+0000] {taskinstance.py:2170} INFO - Starting attempt 1 of 6
[2024-11-22T15:40:12.532+0000] {taskinstance.py:2191} INFO - Executing <Task(_PythonDecoratedOperator): gen_id_name> on 2024-11-21 00:00:00+00:00
[2024-11-22T15:40:12.590+0000] {standard_task_runner.py:60} INFO - Started process 392 to run task
[2024-11-22T15:40:13.156+0000] {standard_task_runner.py:87} INFO - Running: ['***', 'tasks', 'run', 'work_task', 'gen_id_name', 'scheduled__2024-11-21T00:00:00+00:00', '--job-id', '10', '--raw', '--subdir', 'DAGS_FOLDER/task.py', '--cfg-path', '/tmp/tmpeeskblrg']
[2024-11-22T15:40:13.313+0000] {standard_task_runner.py:88} INFO - Job 10: Subtask gen_id_name
[2024-11-22T15:40:14.292+0000] {task_command.py:423} INFO - Running <TaskInstance: work_task.gen_id_name scheduled__2024-11-21T00:00:00+00:00 [running]> on host 7003e752bc1d
[2024-11-22T15:40:14.691+0000] {taskinstance.py:2480} INFO - Exporting env vars: AIRFLOW_CTX_DAG_OWNER='***' AIRFLOW_CTX_DAG_ID='work_task' AIRFLOW_CTX_TASK_ID='gen_id_name' AIRFLOW_CTX_EXECUTION_DATE='2024-11-21T00:00:00+00:00' AIRFLOW_CTX_TRY_NUMBER='1' AIRFLOW_CTX_DAG_RUN_ID='scheduled__2024-11-21T00:00:00+00:00'
[2024-11-22T15:40:14.734+0000] {python.py:201} INFO - Done. Returned value was: (96, 'Elizabeth')
[2024-11-22T15:40:14.906+0000] {taskinstance.py:1138} INFO - Marking task as SUCCESS. dag_id=work_task, task_id=gen_id_name, execution_date=20241121T000000, start_date=20241122T154012, end_date=20241122T154014
[2024-11-22T15:40:15.095+0000] {local_task_job_runner.py:234} INFO - Task exited with return code 0
[2024-11-22T15:40:15.443+0000] {taskinstance.py:3280} INFO - 0 downstream tasks scheduled from follow-on schedule check
[2024-11-22T15:41:29.835+0000] {taskinstance.py:1956} INFO - Dependencies all met for dep_context=non-requeueable deps ti=<TaskInstance: work_task.gen_id_name scheduled__2024-11-21T00:00:00+00:00 [queued]>
[2024-11-22T15:41:29.861+0000] {taskinstance.py:1956} INFO - Dependencies all met for dep_context=requeueable deps ti=<TaskInstance: work_task.gen_id_name scheduled__2024-11-21T00:00:00+00:00 [queued]>
[2024-11-22T15:41:29.863+0000] {taskinstance.py:2170} INFO - Starting attempt 1 of 6
[2024-11-22T15:41:29.907+0000] {taskinstance.py:2191} INFO - Executing <Task(_PythonDecoratedOperator): gen_id_name> on 2024-11-21 00:00:00+00:00
[2024-11-22T15:41:29.914+0000] {standard_task_runner.py:60} INFO - Started process 479 to run task
[2024-11-22T15:41:29.922+0000] {standard_task_runner.py:87} INFO - Running: ['***', 'tasks', 'run', 'work_task', 'gen_id_name', 'scheduled__2024-11-21T00:00:00+00:00', '--job-id', '14', '--raw', '--subdir', 'DAGS_FOLDER/task.py', '--cfg-path', '/tmp/tmpr1hm3hif']
[2024-11-22T15:41:29.926+0000] {standard_task_runner.py:88} INFO - Job 14: Subtask gen_id_name
[2024-11-22T15:41:30.025+0000] {task_command.py:423} INFO - Running <TaskInstance: work_task.gen_id_name scheduled__2024-11-21T00:00:00+00:00 [running]> on host 7003e752bc1d
[2024-11-22T15:41:30.171+0000] {taskinstance.py:2480} INFO - Exporting env vars: AIRFLOW_CTX_DAG_OWNER='***' AIRFLOW_CTX_DAG_ID='work_task' AIRFLOW_CTX_TASK_ID='gen_id_name' AIRFLOW_CTX_EXECUTION_DATE='2024-11-21T00:00:00+00:00' AIRFLOW_CTX_TRY_NUMBER='1' AIRFLOW_CTX_DAG_RUN_ID='scheduled__2024-11-21T00:00:00+00:00'
[2024-11-22T15:41:30.174+0000] {python.py:201} INFO - Done. Returned value was: (22, 'Susan')
[2024-11-22T15:41:30.222+0000] {taskinstance.py:1138} INFO - Marking task as SUCCESS. dag_id=work_task, task_id=gen_id_name, execution_date=20241121T000000, start_date=20241122T154129, end_date=20241122T154130
[2024-11-22T15:41:30.266+0000] {local_task_job_runner.py:234} INFO - Task exited with return code 0
[2024-11-22T15:41:30.340+0000] {taskinstance.py:3280} INFO - 0 downstream tasks scheduled from follow-on schedule check
[2024-11-22T15:44:02.815+0000] {taskinstance.py:1956} INFO - Dependencies all met for dep_context=non-requeueable deps ti=<TaskInstance: work_task.gen_id_name scheduled__2024-11-21T00:00:00+00:00 [queued]>
[2024-11-22T15:44:02.833+0000] {taskinstance.py:1956} INFO - Dependencies all met for dep_context=requeueable deps ti=<TaskInstance: work_task.gen_id_name scheduled__2024-11-21T00:00:00+00:00 [queued]>
[2024-11-22T15:44:02.834+0000] {taskinstance.py:2170} INFO - Starting attempt 1 of 6
[2024-11-22T15:44:02.859+0000] {taskinstance.py:2191} INFO - Executing <Task(_PythonDecoratedOperator): gen_id_name> on 2024-11-21 00:00:00+00:00
[2024-11-22T15:44:02.865+0000] {standard_task_runner.py:60} INFO - Started process 652 to run task
[2024-11-22T15:44:02.872+0000] {standard_task_runner.py:87} INFO - Running: ['***', 'tasks', 'run', 'work_task', 'gen_id_name', 'scheduled__2024-11-21T00:00:00+00:00', '--job-id', '18', '--raw', '--subdir', 'DAGS_FOLDER/task.py', '--cfg-path', '/tmp/tmp95g_1189']
[2024-11-22T15:44:02.876+0000] {standard_task_runner.py:88} INFO - Job 18: Subtask gen_id_name
[2024-11-22T15:44:02.952+0000] {task_command.py:423} INFO - Running <TaskInstance: work_task.gen_id_name scheduled__2024-11-21T00:00:00+00:00 [running]> on host 7003e752bc1d
[2024-11-22T15:44:03.066+0000] {taskinstance.py:2480} INFO - Exporting env vars: AIRFLOW_CTX_DAG_OWNER='***' AIRFLOW_CTX_DAG_ID='work_task' AIRFLOW_CTX_TASK_ID='gen_id_name' AIRFLOW_CTX_EXECUTION_DATE='2024-11-21T00:00:00+00:00' AIRFLOW_CTX_TRY_NUMBER='1' AIRFLOW_CTX_DAG_RUN_ID='scheduled__2024-11-21T00:00:00+00:00'
[2024-11-22T15:44:03.068+0000] {python.py:201} INFO - Done. Returned value was: (33, 'James')
[2024-11-22T15:44:03.102+0000] {taskinstance.py:1138} INFO - Marking task as SUCCESS. dag_id=work_task, task_id=gen_id_name, execution_date=20241121T000000, start_date=20241122T154402, end_date=20241122T154403
[2024-11-22T15:44:03.134+0000] {local_task_job_runner.py:234} INFO - Task exited with return code 0
[2024-11-22T15:44:03.178+0000] {taskinstance.py:3280} INFO - 1 downstream tasks scheduled from follow-on schedule check
[2024-11-22T15:49:29.762+0000] {taskinstance.py:1956} INFO - Dependencies all met for dep_context=non-requeueable deps ti=<TaskInstance: work_task.gen_id_name scheduled__2024-11-21T00:00:00+00:00 [queued]>
[2024-11-22T15:49:29.779+0000] {taskinstance.py:1956} INFO - Dependencies all met for dep_context=requeueable deps ti=<TaskInstance: work_task.gen_id_name scheduled__2024-11-21T00:00:00+00:00 [queued]>
[2024-11-22T15:49:29.781+0000] {taskinstance.py:2170} INFO - Starting attempt 1 of 6
[2024-11-22T15:49:29.805+0000] {taskinstance.py:2191} INFO - Executing <Task(_PythonDecoratedOperator): gen_id_name> on 2024-11-21 00:00:00+00:00
[2024-11-22T15:49:29.820+0000] {standard_task_runner.py:60} INFO - Started process 293 to run task
[2024-11-22T15:49:29.828+0000] {standard_task_runner.py:87} INFO - Running: ['***', 'tasks', 'run', 'work_task', 'gen_id_name', 'scheduled__2024-11-21T00:00:00+00:00', '--job-id', '4', '--raw', '--subdir', 'DAGS_FOLDER/task.py', '--cfg-path', '/tmp/tmpbkwv_zm1']
[2024-11-22T15:49:29.841+0000] {standard_task_runner.py:88} INFO - Job 4: Subtask gen_id_name
[2024-11-22T15:49:29.981+0000] {task_command.py:423} INFO - Running <TaskInstance: work_task.gen_id_name scheduled__2024-11-21T00:00:00+00:00 [running]> on host e3d4853ded5c
[2024-11-22T15:49:30.108+0000] {taskinstance.py:2480} INFO - Exporting env vars: AIRFLOW_CTX_DAG_OWNER='***' AIRFLOW_CTX_DAG_ID='work_task' AIRFLOW_CTX_TASK_ID='gen_id_name' AIRFLOW_CTX_EXECUTION_DATE='2024-11-21T00:00:00+00:00' AIRFLOW_CTX_TRY_NUMBER='1' AIRFLOW_CTX_DAG_RUN_ID='scheduled__2024-11-21T00:00:00+00:00'
[2024-11-22T15:49:30.111+0000] {python.py:201} INFO - Done. Returned value was: (72, 'James')
[2024-11-22T15:49:30.143+0000] {taskinstance.py:1138} INFO - Marking task as SUCCESS. dag_id=work_task, task_id=gen_id_name, execution_date=20241121T000000, start_date=20241122T154929, end_date=20241122T154930
[2024-11-22T15:49:30.180+0000] {local_task_job_runner.py:234} INFO - Task exited with return code 0
[2024-11-22T15:49:30.237+0000] {taskinstance.py:3280} INFO - 0 downstream tasks scheduled from follow-on schedule check
[2024-11-22T15:50:43.742+0000] {taskinstance.py:1956} INFO - Dependencies all met for dep_context=non-requeueable deps ti=<TaskInstance: work_task.gen_id_name scheduled__2024-11-21T00:00:00+00:00 [queued]>
[2024-11-22T15:50:43.760+0000] {taskinstance.py:1956} INFO - Dependencies all met for dep_context=requeueable deps ti=<TaskInstance: work_task.gen_id_name scheduled__2024-11-21T00:00:00+00:00 [queued]>
[2024-11-22T15:50:43.764+0000] {taskinstance.py:2170} INFO - Starting attempt 1 of 6
[2024-11-22T15:50:43.797+0000] {taskinstance.py:2191} INFO - Executing <Task(_PythonDecoratedOperator): gen_id_name> on 2024-11-21 00:00:00+00:00
[2024-11-22T15:50:43.810+0000] {standard_task_runner.py:60} INFO - Started process 383 to run task
[2024-11-22T15:50:43.863+0000] {standard_task_runner.py:87} INFO - Running: ['***', 'tasks', 'run', 'work_task', 'gen_id_name', 'scheduled__2024-11-21T00:00:00+00:00', '--job-id', '6', '--raw', '--subdir', 'DAGS_FOLDER/task.py', '--cfg-path', '/tmp/tmpf3ygfssk']
[2024-11-22T15:50:43.896+0000] {standard_task_runner.py:88} INFO - Job 6: Subtask gen_id_name
[2024-11-22T15:50:44.025+0000] {task_command.py:423} INFO - Running <TaskInstance: work_task.gen_id_name scheduled__2024-11-21T00:00:00+00:00 [running]> on host e3d4853ded5c
[2024-11-22T15:50:44.178+0000] {taskinstance.py:2480} INFO - Exporting env vars: AIRFLOW_CTX_DAG_OWNER='***' AIRFLOW_CTX_DAG_ID='work_task' AIRFLOW_CTX_TASK_ID='gen_id_name' AIRFLOW_CTX_EXECUTION_DATE='2024-11-21T00:00:00+00:00' AIRFLOW_CTX_TRY_NUMBER='1' AIRFLOW_CTX_DAG_RUN_ID='scheduled__2024-11-21T00:00:00+00:00'
[2024-11-22T15:50:44.183+0000] {python.py:201} INFO - Done. Returned value was: (66, 'Elizabeth')
[2024-11-22T15:50:44.237+0000] {taskinstance.py:1138} INFO - Marking task as SUCCESS. dag_id=work_task, task_id=gen_id_name, execution_date=20241121T000000, start_date=20241122T155043, end_date=20241122T155044
[2024-11-22T15:50:44.291+0000] {local_task_job_runner.py:234} INFO - Task exited with return code 0
[2024-11-22T15:50:44.378+0000] {taskinstance.py:3280} INFO - 0 downstream tasks scheduled from follow-on schedule check
