[2024-11-22T15:39:58.310+0000] {taskinstance.py:1956} INFO - Dependencies all met for dep_context=non-requeueable deps ti=<TaskInstance: work_task.create_table manual__2024-11-22T15:39:56.033494+00:00 [queued]>
[2024-11-22T15:39:58.324+0000] {taskinstance.py:1956} INFO - Dependencies all met for dep_context=requeueable deps ti=<TaskInstance: work_task.create_table manual__2024-11-22T15:39:56.033494+00:00 [queued]>
[2024-11-22T15:39:58.324+0000] {taskinstance.py:2170} INFO - Starting attempt 1 of 6
[2024-11-22T15:39:58.342+0000] {taskinstance.py:2191} INFO - Executing <Task(PostgresOperator): create_table> on 2024-11-22 15:39:56.033494+00:00
[2024-11-22T15:39:58.354+0000] {standard_task_runner.py:60} INFO - Started process 364 to run task
[2024-11-22T15:39:58.359+0000] {standard_task_runner.py:87} INFO - Running: ['***', 'tasks', 'run', 'work_task', 'create_table', 'manual__2024-11-22T15:39:56.033494+00:00', '--job-id', '5', '--raw', '--subdir', 'DAGS_FOLDER/task.py', '--cfg-path', '/tmp/tmp5mi1v19w']
[2024-11-22T15:39:58.363+0000] {standard_task_runner.py:88} INFO - Job 5: Subtask create_table
[2024-11-22T15:39:58.452+0000] {task_command.py:423} INFO - Running <TaskInstance: work_task.create_table manual__2024-11-22T15:39:56.033494+00:00 [running]> on host 7003e752bc1d
[2024-11-22T15:39:58.594+0000] {taskinstance.py:2480} INFO - Exporting env vars: AIRFLOW_CTX_DAG_OWNER='***' AIRFLOW_CTX_DAG_ID='work_task' AIRFLOW_CTX_TASK_ID='create_table' AIRFLOW_CTX_EXECUTION_DATE='2024-11-22T15:39:56.033494+00:00' AIRFLOW_CTX_TRY_NUMBER='1' AIRFLOW_CTX_DAG_RUN_ID='manual__2024-11-22T15:39:56.033494+00:00'
[2024-11-22T15:39:58.596+0000] {sql.py:276} INFO - Executing: CREATE TABLE IF NOT EXISTS random_data (
    id NUMERIC(3) NOT NULL,
    name VARCHAR(15) NOT NULL,
    date DATE NOT NULL,
    UNIQUE (id, name, date)
);
[2024-11-22T15:39:58.611+0000] {base.py:83} INFO - Using connection ID 'postgres_default' for task execution.
[2024-11-22T15:39:58.625+0000] {base.py:83} INFO - Using connection ID 'postgres_default' for task execution.
[2024-11-22T15:39:58.633+0000] {sql.py:450} INFO - Running statement: CREATE TABLE IF NOT EXISTS random_data (
    id NUMERIC(3) NOT NULL,
    name VARCHAR(15) NOT NULL,
    date DATE NOT NULL,
    UNIQUE (id, name, date)
);, parameters: None
[2024-11-22T15:39:58.680+0000] {taskinstance.py:1138} INFO - Marking task as SUCCESS. dag_id=work_task, task_id=create_table, execution_date=20241122T153956, start_date=20241122T153958, end_date=20241122T153958
[2024-11-22T15:39:58.704+0000] {local_task_job_runner.py:234} INFO - Task exited with return code 0
[2024-11-22T15:39:58.754+0000] {taskinstance.py:3280} INFO - 1 downstream tasks scheduled from follow-on schedule check
